

Microchip MPLAB XC8 Assembler V2.10 build 88905656 
                                                                                               Sun Nov 03 17:40:10 2019

Microchip MPLAB XC8 C Compiler v2.10 (Free license) build 20190730164152 Og1 
     1                           	processor	16F1518
     2                           	opt	pw 120
     3                           	opt	flic
     4                           	psect	cinit,global,class=CODE,merge=1,delta=2
     5                           	psect	cstackCOMMON,global,class=COMMON,space=1,delta=1
     6                           	psect	maintext,global,class=CODE,merge=1,split=1,delta=2
     7                           	psect	text1,local,class=CODE,merge=1,delta=2
     8                           	psect	text2,local,class=CODE,merge=1,delta=2
     9                           	psect	text3,local,class=CODE,merge=1,delta=2
    10                           	psect	text4,local,class=CODE,merge=1,delta=2
    11                           	dabs	1,0x7E,2
    12  0000                     
    13                           ; Version 2.10
    14                           ; Generated 31/07/2019 GMT
    15                           ; 
    16                           ; Copyright © 2019, Microchip Technology Inc. and its subsidiaries ("Microchip")
    17                           ; All rights reserved.
    18                           ; 
    19                           ; This software is developed by Microchip Technology Inc. and its subsidiaries ("Microch
      +                          ip").
    20                           ; 
    21                           ; Redistribution and use in source and binary forms, with or without modification, are
    22                           ; permitted provided that the following conditions are met:
    23                           ; 
    24                           ;     1. Redistributions of source code must retain the above copyright notice, this lis
      +                          t of
    25                           ;        conditions and the following disclaimer.
    26                           ; 
    27                           ;     2. Redistributions in binary form must reproduce the above copyright notice, this 
      +                          list
    28                           ;        of conditions and the following disclaimer in the documentation and/or other
    29                           ;        materials provided with the distribution.
    30                           ; 
    31                           ;     3. Microchip's name may not be used to endorse or promote products derived from th
      +                          is
    32                           ;        software without specific prior written permission.
    33                           ; 
    34                           ; THIS SOFTWARE IS PROVIDED BY MICROCHIP "AS IS" AND ANY EXPRESS OR IMPLIED WARRANTIES,
    35                           ; INCLUDING, BUT NOT LIMITED TO, THE IMPLIED WARRANTIES OF MERCHANTABILITY AND FITNESS F
      +                          OR
    36                           ; PURPOSE ARE DISCLAIMED.  IN NO EVENT SHALL MICROCHIP BE LIABLE FOR ANY DIRECT, INDIREC
      +                          T,
    37                           ; INCIDENTAL, SPECIAL, EXEMPLARY, OR CONSEQUENTIAL DAMAGES (INCLUDING BUT NOT LIMITED TO
    38                           ; PROCUREMENT OF SUBSTITUTE GOODS OR SERVICES; LOSS OF USE, DATA OR PROFITS; OR BUSINESS
    39                           ; INTERRUPTION) HOWSOEVER CAUSED AND ON ANY THEORY OF LIABILITY, WHETHER IN CONTRACT, ST
      +                          RICT
    40                           ; LIABILITY, OR TORT (INCLUDING NEGLIGENCE OR OTHERWISE) ARISING IN ANY WAY OUT OF THE U
      +                          SE OF
    41                           ; THIS SOFTWARE, EVEN IF ADVISED OF THE POSSIBILITY OF SUCH DAMAGE.
    42                           ; 
    43                           ; 
    44                           ; Code-generator required, PIC16F1518 Definitions
    45                           ; 
    46                           ; SFR Addresses
    47  0000                     	;# 
    48  0001                     	;# 
    49  0002                     	;# 
    50  0003                     	;# 
    51  0004                     	;# 
    52  0005                     	;# 
    53  0006                     	;# 
    54  0007                     	;# 
    55  0008                     	;# 
    56  0009                     	;# 
    57  000A                     	;# 
    58  000B                     	;# 
    59  000C                     	;# 
    60  000D                     	;# 
    61  000E                     	;# 
    62  0010                     	;# 
    63  0011                     	;# 
    64  0012                     	;# 
    65  0015                     	;# 
    66  0016                     	;# 
    67  0016                     	;# 
    68  0017                     	;# 
    69  0018                     	;# 
    70  0019                     	;# 
    71  001A                     	;# 
    72  001B                     	;# 
    73  001C                     	;# 
    74  008C                     	;# 
    75  008D                     	;# 
    76  008E                     	;# 
    77  0090                     	;# 
    78  0091                     	;# 
    79  0092                     	;# 
    80  0095                     	;# 
    81  0096                     	;# 
    82  0097                     	;# 
    83  0099                     	;# 
    84  009A                     	;# 
    85  009B                     	;# 
    86  009B                     	;# 
    87  009C                     	;# 
    88  009D                     	;# 
    89  009E                     	;# 
    90  010C                     	;# 
    91  010D                     	;# 
    92  010E                     	;# 
    93  0116                     	;# 
    94  0117                     	;# 
    95  011D                     	;# 
    96  018C                     	;# 
    97  018D                     	;# 
    98  018E                     	;# 
    99  0191                     	;# 
   100  0191                     	;# 
   101  0192                     	;# 
   102  0193                     	;# 
   103  0193                     	;# 
   104  0194                     	;# 
   105  0195                     	;# 
   106  0196                     	;# 
   107  0197                     	;# 
   108  0199                     	;# 
   109  019A                     	;# 
   110  019B                     	;# 
   111  019B                     	;# 
   112  019B                     	;# 
   113  019B                     	;# 
   114  019C                     	;# 
   115  019C                     	;# 
   116  019D                     	;# 
   117  019E                     	;# 
   118  019F                     	;# 
   119  020D                     	;# 
   120  0210                     	;# 
   121  0211                     	;# 
   122  0211                     	;# 
   123  0212                     	;# 
   124  0212                     	;# 
   125  0213                     	;# 
   126  0213                     	;# 
   127  0214                     	;# 
   128  0214                     	;# 
   129  0215                     	;# 
   130  0215                     	;# 
   131  0215                     	;# 
   132  0216                     	;# 
   133  0216                     	;# 
   134  0217                     	;# 
   135  0217                     	;# 
   136  0291                     	;# 
   137  0291                     	;# 
   138  0292                     	;# 
   139  0293                     	;# 
   140  0298                     	;# 
   141  0298                     	;# 
   142  0299                     	;# 
   143  029A                     	;# 
   144  0394                     	;# 
   145  0395                     	;# 
   146  0396                     	;# 
   147  0FE4                     	;# 
   148  0FE5                     	;# 
   149  0FE6                     	;# 
   150  0FE7                     	;# 
   151  0FE8                     	;# 
   152  0FE9                     	;# 
   153  0FEA                     	;# 
   154  0FEB                     	;# 
   155  0FED                     	;# 
   156  0FEE                     	;# 
   157  0FEF                     	;# 
   158  0000                     	;# 
   159  0001                     	;# 
   160  0002                     	;# 
   161  0003                     	;# 
   162  0004                     	;# 
   163  0005                     	;# 
   164  0006                     	;# 
   165  0007                     	;# 
   166  0008                     	;# 
   167  0009                     	;# 
   168  000A                     	;# 
   169  000B                     	;# 
   170  000C                     	;# 
   171  000D                     	;# 
   172  000E                     	;# 
   173  0010                     	;# 
   174  0011                     	;# 
   175  0012                     	;# 
   176  0015                     	;# 
   177  0016                     	;# 
   178  0016                     	;# 
   179  0017                     	;# 
   180  0018                     	;# 
   181  0019                     	;# 
   182  001A                     	;# 
   183  001B                     	;# 
   184  001C                     	;# 
   185  008C                     	;# 
   186  008D                     	;# 
   187  008E                     	;# 
   188  0090                     	;# 
   189  0091                     	;# 
   190  0092                     	;# 
   191  0095                     	;# 
   192  0096                     	;# 
   193  0097                     	;# 
   194  0099                     	;# 
   195  009A                     	;# 
   196  009B                     	;# 
   197  009B                     	;# 
   198  009C                     	;# 
   199  009D                     	;# 
   200  009E                     	;# 
   201  010C                     	;# 
   202  010D                     	;# 
   203  010E                     	;# 
   204  0116                     	;# 
   205  0117                     	;# 
   206  011D                     	;# 
   207  018C                     	;# 
   208  018D                     	;# 
   209  018E                     	;# 
   210  0191                     	;# 
   211  0191                     	;# 
   212  0192                     	;# 
   213  0193                     	;# 
   214  0193                     	;# 
   215  0194                     	;# 
   216  0195                     	;# 
   217  0196                     	;# 
   218  0197                     	;# 
   219  0199                     	;# 
   220  019A                     	;# 
   221  019B                     	;# 
   222  019B                     	;# 
   223  019B                     	;# 
   224  019B                     	;# 
   225  019C                     	;# 
   226  019C                     	;# 
   227  019D                     	;# 
   228  019E                     	;# 
   229  019F                     	;# 
   230  020D                     	;# 
   231  0210                     	;# 
   232  0211                     	;# 
   233  0211                     	;# 
   234  0212                     	;# 
   235  0212                     	;# 
   236  0213                     	;# 
   237  0213                     	;# 
   238  0214                     	;# 
   239  0214                     	;# 
   240  0215                     	;# 
   241  0215                     	;# 
   242  0215                     	;# 
   243  0216                     	;# 
   244  0216                     	;# 
   245  0217                     	;# 
   246  0217                     	;# 
   247  0291                     	;# 
   248  0291                     	;# 
   249  0292                     	;# 
   250  0293                     	;# 
   251  0298                     	;# 
   252  0298                     	;# 
   253  0299                     	;# 
   254  029A                     	;# 
   255  0394                     	;# 
   256  0395                     	;# 
   257  0396                     	;# 
   258  0FE4                     	;# 
   259  0FE5                     	;# 
   260  0FE6                     	;# 
   261  0FE7                     	;# 
   262  0FE8                     	;# 
   263  0FE9                     	;# 
   264  0FEA                     	;# 
   265  0FEB                     	;# 
   266  0FED                     	;# 
   267  0FEE                     	;# 
   268  0FEF                     	;# 
   269  0000                     	;# 
   270  0001                     	;# 
   271  0002                     	;# 
   272  0003                     	;# 
   273  0004                     	;# 
   274  0005                     	;# 
   275  0006                     	;# 
   276  0007                     	;# 
   277  0008                     	;# 
   278  0009                     	;# 
   279  000A                     	;# 
   280  000B                     	;# 
   281  000C                     	;# 
   282  000D                     	;# 
   283  000E                     	;# 
   284  0010                     	;# 
   285  0011                     	;# 
   286  0012                     	;# 
   287  0015                     	;# 
   288  0016                     	;# 
   289  0016                     	;# 
   290  0017                     	;# 
   291  0018                     	;# 
   292  0019                     	;# 
   293  001A                     	;# 
   294  001B                     	;# 
   295  001C                     	;# 
   296  008C                     	;# 
   297  008D                     	;# 
   298  008E                     	;# 
   299  0090                     	;# 
   300  0091                     	;# 
   301  0092                     	;# 
   302  0095                     	;# 
   303  0096                     	;# 
   304  0097                     	;# 
   305  0099                     	;# 
   306  009A                     	;# 
   307  009B                     	;# 
   308  009B                     	;# 
   309  009C                     	;# 
   310  009D                     	;# 
   311  009E                     	;# 
   312  010C                     	;# 
   313  010D                     	;# 
   314  010E                     	;# 
   315  0116                     	;# 
   316  0117                     	;# 
   317  011D                     	;# 
   318  018C                     	;# 
   319  018D                     	;# 
   320  018E                     	;# 
   321  0191                     	;# 
   322  0191                     	;# 
   323  0192                     	;# 
   324  0193                     	;# 
   325  0193                     	;# 
   326  0194                     	;# 
   327  0195                     	;# 
   328  0196                     	;# 
   329  0197                     	;# 
   330  0199                     	;# 
   331  019A                     	;# 
   332  019B                     	;# 
   333  019B                     	;# 
   334  019B                     	;# 
   335  019B                     	;# 
   336  019C                     	;# 
   337  019C                     	;# 
   338  019D                     	;# 
   339  019E                     	;# 
   340  019F                     	;# 
   341  020D                     	;# 
   342  0210                     	;# 
   343  0211                     	;# 
   344  0211                     	;# 
   345  0212                     	;# 
   346  0212                     	;# 
   347  0213                     	;# 
   348  0213                     	;# 
   349  0214                     	;# 
   350  0214                     	;# 
   351  0215                     	;# 
   352  0215                     	;# 
   353  0215                     	;# 
   354  0216                     	;# 
   355  0216                     	;# 
   356  0217                     	;# 
   357  0217                     	;# 
   358  0291                     	;# 
   359  0291                     	;# 
   360  0292                     	;# 
   361  0293                     	;# 
   362  0298                     	;# 
   363  0298                     	;# 
   364  0299                     	;# 
   365  029A                     	;# 
   366  0394                     	;# 
   367  0395                     	;# 
   368  0396                     	;# 
   369  0FE4                     	;# 
   370  0FE5                     	;# 
   371  0FE6                     	;# 
   372  0FE7                     	;# 
   373  0FE8                     	;# 
   374  0FE9                     	;# 
   375  0FEA                     	;# 
   376  0FEB                     	;# 
   377  0FED                     	;# 
   378  0FEE                     	;# 
   379  0FEF                     	;# 
   380  0095                     _OPTION_REGbits	set	149
   381  008E                     _TRISC	set	142
   382  008D                     _TRISB	set	141
   383  008C                     _TRISA	set	140
   384  0097                     _WDTCON	set	151
   385  0099                     _OSCCON	set	153
   386  010C                     _LATAbits	set	268
   387  011D                     _APFCON	set	285
   388  010E                     _LATC	set	270
   389  010D                     _LATB	set	269
   390  010C                     _LATA	set	268
   391  0116                     _BORCON	set	278
   392  018C                     _ANSELA	set	396
   393  018D                     _ANSELB	set	397
   394  018E                     _ANSELC	set	398
   395  020D                     _WPUB	set	525
   396  0210                     _WPUE	set	528
   397                           
   398                           ; #config settings
   399  0000                     
   400                           	psect	cinit
   401  07FD                     start_initialization:	
   402  07FD                     __initialization:	
   403  07FD                     end_of_initialization:	
   404                           ;End of C runtime variable initialization code
   405                           
   406  07FD                     __end_of__initialization:	
   407  07FD  0020               	movlb	0
   408  07FE  3187  2FD4         	ljmp	_main	;jump to C main() function
   409                           
   410                           	psect	cstackCOMMON
   411  0000                     __pcstackCOMMON:	
   412  0000                     ?_PIN_MANAGER_Initialize:	
   413  0000                     ??_PIN_MANAGER_Initialize:	
   414                           ; 1 bytes @ 0x0
   415                           
   416  0000                     ?_OSCILLATOR_Initialize:	
   417                           ; 1 bytes @ 0x0
   418                           
   419  0000                     ??_OSCILLATOR_Initialize:	
   420                           ; 1 bytes @ 0x0
   421                           
   422  0000                     ?_WDT_Initialize:	
   423                           ; 1 bytes @ 0x0
   424                           
   425  0000                     ??_WDT_Initialize:	
   426                           ; 1 bytes @ 0x0
   427                           
   428  0000                     ?_SYSTEM_Initialize:	
   429                           ; 1 bytes @ 0x0
   430                           
   431  0000                     ??_SYSTEM_Initialize:	
   432                           ; 1 bytes @ 0x0
   433                           
   434  0000                     ?_main:	
   435                           ; 1 bytes @ 0x0
   436                           
   437  0000                     ??_main:	
   438                           ; 1 bytes @ 0x0
   439                           
   440                           
   441                           	psect	maintext
   442  07D4                     __pmaintext:	
   443                           ; 1 bytes @ 0x0
   444 ;;
   445 ;;Main: autosize = 0, tempsize = 0, incstack = 0, save=0
   446 ;;
   447 ;; *************** function _main *****************
   448 ;; Defined at:
   449 ;;		line 52 in file "main.c"
   450 ;; Parameters:    Size  Location     Type
   451 ;;		None
   452 ;; Auto vars:     Size  Location     Type
   453 ;;		None
   454 ;; Return value:  Size  Location     Type
   455 ;;                  1    wreg      void 
   456 ;; Registers used:
   457 ;;		wreg, status,2, status,0, pclath, cstack
   458 ;; Tracked objects:
   459 ;;		On entry : B1F/0
   460 ;;		On exit  : 0/0
   461 ;;		Unchanged: 0/0
   462 ;; Data sizes:     COMMON   BANK0   BANK1   BANK2   BANK3   BANK4   BANK5   BANK6   BANK7   BANK8   BANK9  BANK10  BANK1
      +1  BANK12
   463 ;;      Params:         0       0       0       0       0       0       0       0       0       0       0       0       
      +0       0
   464 ;;      Locals:         0       0       0       0       0       0       0       0       0       0       0       0       
      +0       0
   465 ;;      Temps:          0       0       0       0       0       0       0       0       0       0       0       0       
      +0       0
   466 ;;      Totals:         0       0       0       0       0       0       0       0       0       0       0       0       
      +0       0
   467 ;;Total ram usage:        0 bytes
   468 ;; Hardware stack levels required when called:    2
   469 ;; This function calls:
   470 ;;		_SYSTEM_Initialize
   471 ;; This function is called by:
   472 ;;		Startup code after reset
   473 ;; This function uses a non-reentrant model
   474 ;;
   475                           
   476                           
   477                           ;psect for function _main
   478  07D4                     _main:	
   479  07D4                     l613:	
   480                           ;incstack = 0
   481                           ; Regs used in _main: [wreg+status,2+status,0+pclath+cstack]
   482                           
   483                           
   484                           ;main.c: 55:     SYSTEM_Initialize();
   485  07D4  3187  27DD  3187   	fcall	_SYSTEM_Initialize
   486  07D7                     l615:	
   487                           
   488                           ;main.c: 73:     LATAbits.LATA2 = 0;
   489  07D7  0022               	movlb	2	; select bank2
   490  07D8  110C               	bcf	12,2	;volatile
   491  07D9                     l617:	
   492                           
   493                           ;main.c: 76:     {;main.c: 78:         __nop();
   494  07D9  0000               	nop
   495  07DA  2FD9               	goto	l617
   496  07DB  3180  2802         	ljmp	start
   497  07DD                     __end_of_main:	
   498                           
   499                           	psect	text1
   500  07DD                     __ptext1:	
   501 ;; *************** function _SYSTEM_Initialize *****************
   502 ;; Defined at:
   503 ;;		line 50 in file "mcc_generated_files/mcc.c"
   504 ;; Parameters:    Size  Location     Type
   505 ;;		None
   506 ;; Auto vars:     Size  Location     Type
   507 ;;		None
   508 ;; Return value:  Size  Location     Type
   509 ;;                  1    wreg      void 
   510 ;; Registers used:
   511 ;;		wreg, status,2, status,0, pclath, cstack
   512 ;; Tracked objects:
   513 ;;		On entry : 0/0
   514 ;;		On exit  : 0/0
   515 ;;		Unchanged: 0/0
   516 ;; Data sizes:     COMMON   BANK0   BANK1   BANK2   BANK3   BANK4   BANK5   BANK6   BANK7   BANK8   BANK9  BANK10  BANK1
      +1  BANK12
   517 ;;      Params:         0       0       0       0       0       0       0       0       0       0       0       0       
      +0       0
   518 ;;      Locals:         0       0       0       0       0       0       0       0       0       0       0       0       
      +0       0
   519 ;;      Temps:          0       0       0       0       0       0       0       0       0       0       0       0       
      +0       0
   520 ;;      Totals:         0       0       0       0       0       0       0       0       0       0       0       0       
      +0       0
   521 ;;Total ram usage:        0 bytes
   522 ;; Hardware stack levels used:    1
   523 ;; Hardware stack levels required when called:    1
   524 ;; This function calls:
   525 ;;		_OSCILLATOR_Initialize
   526 ;;		_PIN_MANAGER_Initialize
   527 ;;		_WDT_Initialize
   528 ;; This function is called by:
   529 ;;		_main
   530 ;; This function uses a non-reentrant model
   531 ;;
   532                           
   533                           
   534                           ;psect for function _SYSTEM_Initialize
   535  07DD                     _SYSTEM_Initialize:	
   536  07DD                     l611:	
   537                           ;incstack = 0
   538                           ; Regs used in _SYSTEM_Initialize: [wreg+status,2+status,0+pclath+cstack]
   539                           
   540                           
   541                           ;mcc_generated_files/mcc.c: 53:     PIN_MANAGER_Initialize();
   542  07DD  3187  27E7  3187   	fcall	_PIN_MANAGER_Initialize
   543                           
   544                           ;mcc_generated_files/mcc.c: 54:     OSCILLATOR_Initialize();
   545  07E0  3187  27CE  3187   	fcall	_OSCILLATOR_Initialize
   546                           
   547                           ;mcc_generated_files/mcc.c: 55:     WDT_Initialize();
   548  07E3  3187  27CA  3187   	fcall	_WDT_Initialize
   549  07E6                     l15:	
   550  07E6  0008               	return
   551  07E7                     __end_of_SYSTEM_Initialize:	
   552                           
   553                           	psect	text2
   554  07CA                     __ptext2:	
   555 ;; *************** function _WDT_Initialize *****************
   556 ;; Defined at:
   557 ;;		line 66 in file "mcc_generated_files/mcc.c"
   558 ;; Parameters:    Size  Location     Type
   559 ;;		None
   560 ;; Auto vars:     Size  Location     Type
   561 ;;		None
   562 ;; Return value:  Size  Location     Type
   563 ;;                  1    wreg      void 
   564 ;; Registers used:
   565 ;;		wreg
   566 ;; Tracked objects:
   567 ;;		On entry : 0/0
   568 ;;		On exit  : 0/0
   569 ;;		Unchanged: 0/0
   570 ;; Data sizes:     COMMON   BANK0   BANK1   BANK2   BANK3   BANK4   BANK5   BANK6   BANK7   BANK8   BANK9  BANK10  BANK1
      +1  BANK12
   571 ;;      Params:         0       0       0       0       0       0       0       0       0       0       0       0       
      +0       0
   572 ;;      Locals:         0       0       0       0       0       0       0       0       0       0       0       0       
      +0       0
   573 ;;      Temps:          0       0       0       0       0       0       0       0       0       0       0       0       
      +0       0
   574 ;;      Totals:         0       0       0       0       0       0       0       0       0       0       0       0       
      +0       0
   575 ;;Total ram usage:        0 bytes
   576 ;; Hardware stack levels used:    1
   577 ;; This function calls:
   578 ;;		Nothing
   579 ;; This function is called by:
   580 ;;		_SYSTEM_Initialize
   581 ;; This function uses a non-reentrant model
   582 ;;
   583                           
   584                           
   585                           ;psect for function _WDT_Initialize
   586  07CA                     _WDT_Initialize:	
   587  07CA                     l609:	
   588                           ;incstack = 0
   589                           ; Regs used in _WDT_Initialize: [wreg]
   590                           
   591                           
   592                           ;mcc_generated_files/mcc.c: 69:     WDTCON = 0x16;
   593  07CA  3016               	movlw	22
   594  07CB  0021               	movlb	1	; select bank1
   595  07CC  0097               	movwf	23	;volatile
   596  07CD                     l21:	
   597  07CD  0008               	return
   598  07CE                     __end_of_WDT_Initialize:	
   599                           
   600                           	psect	text3
   601  07E7                     __ptext3:	
   602 ;; *************** function _PIN_MANAGER_Initialize *****************
   603 ;; Defined at:
   604 ;;		line 55 in file "mcc_generated_files/pin_manager.c"
   605 ;; Parameters:    Size  Location     Type
   606 ;;		None
   607 ;; Auto vars:     Size  Location     Type
   608 ;;		None
   609 ;; Return value:  Size  Location     Type
   610 ;;                  1    wreg      void 
   611 ;; Registers used:
   612 ;;		wreg, status,2
   613 ;; Tracked objects:
   614 ;;		On entry : 0/0
   615 ;;		On exit  : 0/0
   616 ;;		Unchanged: 0/0
   617 ;; Data sizes:     COMMON   BANK0   BANK1   BANK2   BANK3   BANK4   BANK5   BANK6   BANK7   BANK8   BANK9  BANK10  BANK1
      +1  BANK12
   618 ;;      Params:         0       0       0       0       0       0       0       0       0       0       0       0       
      +0       0
   619 ;;      Locals:         0       0       0       0       0       0       0       0       0       0       0       0       
      +0       0
   620 ;;      Temps:          0       0       0       0       0       0       0       0       0       0       0       0       
      +0       0
   621 ;;      Totals:         0       0       0       0       0       0       0       0       0       0       0       0       
      +0       0
   622 ;;Total ram usage:        0 bytes
   623 ;; Hardware stack levels used:    1
   624 ;; This function calls:
   625 ;;		Nothing
   626 ;; This function is called by:
   627 ;;		_SYSTEM_Initialize
   628 ;; This function uses a non-reentrant model
   629 ;;
   630                           
   631                           
   632                           ;psect for function _PIN_MANAGER_Initialize
   633  07E7                     _PIN_MANAGER_Initialize:	
   634  07E7                     l593:	
   635                           ;incstack = 0
   636                           ; Regs used in _PIN_MANAGER_Initialize: [wreg+status,2]
   637                           
   638                           
   639                           ;mcc_generated_files/pin_manager.c: 60:     LATA = 0x04;
   640  07E7  3004               	movlw	4
   641  07E8  0022               	movlb	2	; select bank2
   642  07E9  008C               	movwf	12	;volatile
   643  07EA                     l595:	
   644                           
   645                           ;mcc_generated_files/pin_manager.c: 61:     LATB = 0x00;
   646  07EA  018D               	clrf	13	;volatile
   647  07EB                     l597:	
   648                           
   649                           ;mcc_generated_files/pin_manager.c: 62:     LATC = 0x00;
   650  07EB  018E               	clrf	14	;volatile
   651  07EC                     l599:	
   652                           
   653                           ;mcc_generated_files/pin_manager.c: 67:     TRISA = 0x00;
   654  07EC  0021               	movlb	1	; select bank1
   655  07ED  018C               	clrf	12	;volatile
   656  07EE                     l601:	
   657                           
   658                           ;mcc_generated_files/pin_manager.c: 68:     TRISB = 0x07;
   659  07EE  3007               	movlw	7
   660  07EF  008D               	movwf	13	;volatile
   661                           
   662                           ;mcc_generated_files/pin_manager.c: 69:     TRISC = 0x00;
   663  07F0  018E               	clrf	14	;volatile
   664                           
   665                           ;mcc_generated_files/pin_manager.c: 74:     ANSELC = 0x00;
   666  07F1  0023               	movlb	3	; select bank3
   667  07F2  018E               	clrf	14	;volatile
   668                           
   669                           ;mcc_generated_files/pin_manager.c: 75:     ANSELB = 0x00;
   670  07F3  018D               	clrf	13	;volatile
   671                           
   672                           ;mcc_generated_files/pin_manager.c: 76:     ANSELA = 0x00;
   673  07F4  018C               	clrf	12	;volatile
   674                           
   675                           ;mcc_generated_files/pin_manager.c: 81:     WPUE = 0x00;
   676  07F5  0024               	movlb	4	; select bank4
   677  07F6  0190               	clrf	16	;volatile
   678                           
   679                           ;mcc_generated_files/pin_manager.c: 82:     WPUB = 0x00;
   680  07F7  018D               	clrf	13	;volatile
   681  07F8                     l603:	
   682                           
   683                           ;mcc_generated_files/pin_manager.c: 83:     OPTION_REGbits.nWPUEN = 1;
   684  07F8  0021               	movlb	1	; select bank1
   685  07F9  1795               	bsf	21,7	;volatile
   686                           
   687                           ;mcc_generated_files/pin_manager.c: 89:     APFCON = 0x00;
   688  07FA  0022               	movlb	2	; select bank2
   689  07FB  019D               	clrf	29	;volatile
   690  07FC                     l50:	
   691  07FC  0008               	return
   692  07FD                     __end_of_PIN_MANAGER_Initialize:	
   693                           
   694                           	psect	text4
   695  07CE                     __ptext4:	
   696 ;; *************** function _OSCILLATOR_Initialize *****************
   697 ;; Defined at:
   698 ;;		line 58 in file "mcc_generated_files/mcc.c"
   699 ;; Parameters:    Size  Location     Type
   700 ;;		None
   701 ;; Auto vars:     Size  Location     Type
   702 ;;		None
   703 ;; Return value:  Size  Location     Type
   704 ;;                  1    wreg      void 
   705 ;; Registers used:
   706 ;;		wreg, status,2
   707 ;; Tracked objects:
   708 ;;		On entry : 0/0
   709 ;;		On exit  : 0/0
   710 ;;		Unchanged: 0/0
   711 ;; Data sizes:     COMMON   BANK0   BANK1   BANK2   BANK3   BANK4   BANK5   BANK6   BANK7   BANK8   BANK9  BANK10  BANK1
      +1  BANK12
   712 ;;      Params:         0       0       0       0       0       0       0       0       0       0       0       0       
      +0       0
   713 ;;      Locals:         0       0       0       0       0       0       0       0       0       0       0       0       
      +0       0
   714 ;;      Temps:          0       0       0       0       0       0       0       0       0       0       0       0       
      +0       0
   715 ;;      Totals:         0       0       0       0       0       0       0       0       0       0       0       0       
      +0       0
   716 ;;Total ram usage:        0 bytes
   717 ;; Hardware stack levels used:    1
   718 ;; This function calls:
   719 ;;		Nothing
   720 ;; This function is called by:
   721 ;;		_SYSTEM_Initialize
   722 ;; This function uses a non-reentrant model
   723 ;;
   724                           
   725                           
   726                           ;psect for function _OSCILLATOR_Initialize
   727  07CE                     _OSCILLATOR_Initialize:	
   728  07CE                     l605:	
   729                           ;incstack = 0
   730                           ; Regs used in _OSCILLATOR_Initialize: [wreg+status,2]
   731                           
   732                           
   733                           ;mcc_generated_files/mcc.c: 61:     OSCCON = 0x78;
   734  07CE  3078               	movlw	120
   735  07CF  0021               	movlb	1	; select bank1
   736  07D0  0099               	movwf	25	;volatile
   737  07D1                     l607:	
   738                           
   739                           ;mcc_generated_files/mcc.c: 63:     BORCON = 0x00;
   740  07D1  0022               	movlb	2	; select bank2
   741  07D2  0196               	clrf	22	;volatile
   742  07D3                     l18:	
   743  07D3  0008               	return
   744  07D4                     __end_of_OSCILLATOR_Initialize:	
   745  007E                     btemp	set	126	;btemp
   746  007E                     wtemp0	set	126


Data Sizes:
    Strings     0
    Constant    0
    Data        0
    BSS         0
    Persistent  32
    Stack       0

Auto Spaces:
    Space          Size  Autos    Used
    COMMON           14      0       0
    BANK0            80      0       0
    BANK1            80      0       0
    BANK2            80      0       0
    BANK3            80      0       0
    BANK4            80      0       0
    BANK5            80      0       0
    BANK6            80      0       0
    BANK7            80      0       0
    BANK8            80      0       0
    BANK9            80      0       0
    BANK10           80      0       0
    BANK11           80      0       0
    BANK12           48      0       0

Pointer List with Targets:

    None.

Critical Paths under _main in COMMON

    None.

Critical Paths under _main in BANK0

    None.

Critical Paths under _main in BANK1

    None.

Critical Paths under _main in BANK2

    None.

Critical Paths under _main in BANK3

    None.

Critical Paths under _main in BANK4

    None.

Critical Paths under _main in BANK5

    None.

Critical Paths under _main in BANK6

    None.

Critical Paths under _main in BANK7

    None.

Critical Paths under _main in BANK8

    None.

Critical Paths under _main in BANK9

    None.

Critical Paths under _main in BANK10

    None.

Critical Paths under _main in BANK11

    None.

Critical Paths under _main in BANK12

    None.

Call Graph Tables:

 ---------------------------------------------------------------------------------
 (Depth) Function   	        Calls       Base Space   Used Autos Params    Refs
 ---------------------------------------------------------------------------------
 (0) _main                                                 0     0      0       0
                  _SYSTEM_Initialize
 ---------------------------------------------------------------------------------
 (1) _SYSTEM_Initialize                                    0     0      0       0
              _OSCILLATOR_Initialize
             _PIN_MANAGER_Initialize
                     _WDT_Initialize
 ---------------------------------------------------------------------------------
 (2) _WDT_Initialize                                       0     0      0       0
 ---------------------------------------------------------------------------------
 (2) _PIN_MANAGER_Initialize                               0     0      0       0
 ---------------------------------------------------------------------------------
 (2) _OSCILLATOR_Initialize                                0     0      0       0
 ---------------------------------------------------------------------------------
 Estimated maximum stack depth 2
 ---------------------------------------------------------------------------------

 Call Graph Graphs:

 _main (ROOT)
   _SYSTEM_Initialize
     _OSCILLATOR_Initialize
     _PIN_MANAGER_Initialize
     _WDT_Initialize

 Address spaces:
Name               Size   Autos  Total    Cost      Usage
BIGRAM             3F0      0       0       0        0.0%
NULL                 0      0       0       0        0.0%
CODE                 0      0       0       0        0.0%
BITCOMMON            E      0       0       1        0.0%
BITSFR0              0      0       0       1        0.0%
SFR0                 0      0       0       1        0.0%
COMMON               E      0       0       2        0.0%
BITSFR1              0      0       0       2        0.0%
SFR1                 0      0       0       2        0.0%
BITSFR2              0      0       0       3        0.0%
SFR2                 0      0       0       3        0.0%
STACK                0      0       0       3        0.0%
BITBANK0            50      0       0       4        0.0%
BITSFR3              0      0       0       4        0.0%
SFR3                 0      0       0       4        0.0%
BANK0               50      0       0       5        0.0%
BITSFR4              0      0       0       5        0.0%
SFR4                 0      0       0       5        0.0%
BITBANK1            50      0       0       6        0.0%
BITSFR5              0      0       0       6        0.0%
SFR5                 0      0       0       6        0.0%
BANK1               50      0       0       7        0.0%
BITSFR6              0      0       0       7        0.0%
SFR6                 0      0       0       7        0.0%
BITBANK2            50      0       0       8        0.0%
BITSFR7              0      0       0       8        0.0%
SFR7                 0      0       0       8        0.0%
BANK2               50      0       0       9        0.0%
BITSFR8              0      0       0       9        0.0%
SFR8                 0      0       0       9        0.0%
BITBANK3            50      0       0      10        0.0%
BITSFR9              0      0       0      10        0.0%
SFR9                 0      0       0      10        0.0%
BANK3               50      0       0      11        0.0%
BITSFR10             0      0       0      11        0.0%
SFR10                0      0       0      11        0.0%
BITBANK4            50      0       0      12        0.0%
BITSFR11             0      0       0      12        0.0%
SFR11                0      0       0      12        0.0%
BANK4               50      0       0      13        0.0%
BITSFR12             0      0       0      13        0.0%
SFR12                0      0       0      13        0.0%
BITBANK5            50      0       0      14        0.0%
BITSFR13             0      0       0      14        0.0%
SFR13                0      0       0      14        0.0%
BANK5               50      0       0      15        0.0%
BITSFR14             0      0       0      15        0.0%
SFR14                0      0       0      15        0.0%
BITBANK6            50      0       0      16        0.0%
BITSFR15             0      0       0      16        0.0%
SFR15                0      0       0      16        0.0%
BANK6               50      0       0      17        0.0%
BITSFR16             0      0       0      17        0.0%
SFR16                0      0       0      17        0.0%
BITBANK7            50      0       0      18        0.0%
BITSFR17             0      0       0      18        0.0%
SFR17                0      0       0      18        0.0%
BANK7               50      0       0      19        0.0%
BITSFR18             0      0       0      19        0.0%
SFR18                0      0       0      19        0.0%
BITSFR19             0      0       0      20        0.0%
SFR19                0      0       0      20        0.0%
ABS                  0      0       0      20        0.0%
BITBANK8            50      0       0      21        0.0%
BITSFR20             0      0       0      21        0.0%
SFR20                0      0       0      21        0.0%
BANK8               50      0       0      22        0.0%
BITSFR21             0      0       0      22        0.0%
SFR21                0      0       0      22        0.0%
BITBANK9            50      0       0      23        0.0%
BITSFR22             0      0       0      23        0.0%
SFR22                0      0       0      23        0.0%
BANK9               50      0       0      24        0.0%
BITSFR23             0      0       0      24        0.0%
SFR23                0      0       0      24        0.0%
BITBANK10           50      0       0      25        0.0%
BITSFR24             0      0       0      25        0.0%
SFR24                0      0       0      25        0.0%
BANK10              50      0       0      26        0.0%
BITSFR25             0      0       0      26        0.0%
SFR25                0      0       0      26        0.0%
BITBANK11           50      0       0      27        0.0%
BITSFR26             0      0       0      27        0.0%
SFR26                0      0       0      27        0.0%
BANK11              50      0       0      28        0.0%
BITSFR27             0      0       0      28        0.0%
SFR27                0      0       0      28        0.0%
BITBANK12           30      0       0      29        0.0%
BITSFR28             0      0       0      29        0.0%
SFR28                0      0       0      29        0.0%
BANK12              30      0       0      30        0.0%
BITSFR29             0      0       0      30        0.0%
SFR29                0      0       0      30        0.0%
BITSFR30             0      0       0      31        0.0%
SFR30                0      0       0      31        0.0%
DATA                 0      0       0      31        0.0%
BITSFR31             0      0       0      32        0.0%
SFR31                0      0       0      32        0.0%


Microchip Technology PIC Macro Assembler V2.10 build 88905656 
Symbol Table                                                                                   Sun Nov 03 17:40:10 2019

                    __CFG_CP$OFF 0000                               l21 07CD                               l15 07E6  
                             l18 07D3                               l50 07FC                      __CFG_LVP$ON 0000  
                            l601 07EE                              l603 07F8                              l611 07DD  
                            l605 07CE                              l613 07D4                              l607 07D1  
                            l615 07D7                              l609 07CA                              l617 07D9  
                            l593 07E7                              l595 07EA                              l597 07EB  
                            l599 07EC                     __CFG_BORV$LO 0000                     __CFG_IESO$ON 0000  
                           _LATA 010C                             _LATB 010D                             _LATC 010E  
                           _WPUB 020D                             _WPUE 0210                     __CFG_WRT$OFF 0000  
                  __CFG_FCMEN$ON 0000                             _main 07D4                             btemp 007E  
                  __CFG_BOREN$ON 0000                             start 0002                    __CFG_MCLRE$ON 0000  
 __size_of_OSCILLATOR_Initialize 0006    __end_of_OSCILLATOR_Initialize 07D4                            ?_main 0000  
                  __CFG_WDTE$OFF 0000                            _TRISA 008C                            _TRISB 008D  
                          _TRISC 008E                   _WDT_Initialize 07CA                            wtemp0 007E  
                __initialization 07FD                     __end_of_main 07DD                   __CFG_LPBOR$OFF 0000  
                         ??_main 0000           __end_of_WDT_Initialize 07CE                           _APFCON 011D  
                         _ANSELA 018C                           _ANSELB 018D                           _ANSELC 018E  
                         _BORCON 0116                           _OSCCON 0099                           _WDTCON 0097  
                 __CFG_PWRTE$OFF 0000                   __CFG_STVREN$ON 0000                  ?_WDT_Initialize 0000  
              _SYSTEM_Initialize 07DD          __end_of__initialization 07FD               ?_SYSTEM_Initialize 0000  
                 __pcstackCOMMON 0000              ??_SYSTEM_Initialize 0000                   _OPTION_REGbits 0095  
      __end_of_SYSTEM_Initialize 07E7                  __CFG_VCAPEN$OFF 0000                       __pmaintext 07D4  
                        __ptext1 07DD                          __ptext2 07CA                          __ptext3 07E7  
                        __ptext4 07CE            _OSCILLATOR_Initialize 07CE         ??_PIN_MANAGER_Initialize 0000  
     __size_of_SYSTEM_Initialize 000A             end_of_initialization 07FD                 ??_WDT_Initialize 0000  
               __CFG_FOSC$INTOSC 0000           ?_OSCILLATOR_Initialize 0000              start_initialization 07FD  
__size_of_PIN_MANAGER_Initialize 0016                        ___latbits 0003           _PIN_MANAGER_Initialize 07E7  
                       _LATAbits 010C          ??_OSCILLATOR_Initialize 0000                    __size_of_main 0009  
        __size_of_WDT_Initialize 0004          ?_PIN_MANAGER_Initialize 0000                __CFG_CLKOUTEN$OFF 0000  
 __end_of_PIN_MANAGER_Initialize 07FD  
