

Microchip MPLAB XC8 Assembler V2.10 build 88905656 
                                                                                               Sun Nov 03 18:04:50 2019

Microchip MPLAB XC8 C Compiler v2.10 (Free license) build 20190730164152 Og1 
     1                           	processor	16F1518
     2                           	opt	pw 120
     3                           	opt	flic
     4                           	psect	nvCOMMON,global,class=COMMON,space=1,delta=1
     5                           	psect	cinit,global,class=CODE,merge=1,delta=2
     6                           	psect	cstackCOMMON,global,class=COMMON,space=1,delta=1
     7                           	psect	maintext,global,class=CODE,merge=1,split=1,delta=2
     8                           	psect	text1,local,class=CODE,merge=1,delta=2
     9                           	psect	text2,local,class=CODE,merge=1,delta=2
    10                           	psect	text3,local,class=CODE,merge=1,delta=2
    11                           	psect	text4,local,class=CODE,merge=1,delta=2
    12                           	psect	text5,local,class=CODE,merge=1,delta=2
    13                           	psect	text6,local,class=CODE,merge=1,delta=2
    14                           	psect	intentry,global,class=CODE,delta=2
    15                           	psect	text8,local,class=CODE,merge=1,delta=2
    16                           	psect	text9,local,class=CODE,merge=1,delta=2
    17                           	psect	text10,local,class=CODE,merge=1,delta=2
    18                           	psect	text11,local,class=CODE,merge=1,delta=2
    19                           	dabs	1,0x7E,2
    20  0000                     
    21                           ; Version 2.10
    22                           ; Generated 31/07/2019 GMT
    23                           ; 
    24                           ; Copyright © 2019, Microchip Technology Inc. and its subsidiaries ("Microchip")
    25                           ; All rights reserved.
    26                           ; 
    27                           ; This software is developed by Microchip Technology Inc. and its subsidiaries ("Microch
      +                          ip").
    28                           ; 
    29                           ; Redistribution and use in source and binary forms, with or without modification, are
    30                           ; permitted provided that the following conditions are met:
    31                           ; 
    32                           ;     1. Redistributions of source code must retain the above copyright notice, this lis
      +                          t of
    33                           ;        conditions and the following disclaimer.
    34                           ; 
    35                           ;     2. Redistributions in binary form must reproduce the above copyright notice, this 
      +                          list
    36                           ;        of conditions and the following disclaimer in the documentation and/or other
    37                           ;        materials provided with the distribution.
    38                           ; 
    39                           ;     3. Microchip's name may not be used to endorse or promote products derived from th
      +                          is
    40                           ;        software without specific prior written permission.
    41                           ; 
    42                           ; THIS SOFTWARE IS PROVIDED BY MICROCHIP "AS IS" AND ANY EXPRESS OR IMPLIED WARRANTIES,
    43                           ; INCLUDING, BUT NOT LIMITED TO, THE IMPLIED WARRANTIES OF MERCHANTABILITY AND FITNESS F
      +                          OR
    44                           ; PURPOSE ARE DISCLAIMED.  IN NO EVENT SHALL MICROCHIP BE LIABLE FOR ANY DIRECT, INDIREC
      +                          T,
    45                           ; INCIDENTAL, SPECIAL, EXEMPLARY, OR CONSEQUENTIAL DAMAGES (INCLUDING BUT NOT LIMITED TO
    46                           ; PROCUREMENT OF SUBSTITUTE GOODS OR SERVICES; LOSS OF USE, DATA OR PROFITS; OR BUSINESS
    47                           ; INTERRUPTION) HOWSOEVER CAUSED AND ON ANY THEORY OF LIABILITY, WHETHER IN CONTRACT, ST
      +                          RICT
    48                           ; LIABILITY, OR TORT (INCLUDING NEGLIGENCE OR OTHERWISE) ARISING IN ANY WAY OUT OF THE U
      +                          SE OF
    49                           ; THIS SOFTWARE, EVEN IF ADVISED OF THE POSSIBILITY OF SUCH DAMAGE.
    50                           ; 
    51                           ; 
    52                           ; Code-generator required, PIC16F1518 Definitions
    53                           ; 
    54                           ; SFR Addresses
    55  0000                     	;# 
    56  0001                     	;# 
    57  0002                     	;# 
    58  0003                     	;# 
    59  0004                     	;# 
    60  0005                     	;# 
    61  0006                     	;# 
    62  0007                     	;# 
    63  0008                     	;# 
    64  0009                     	;# 
    65  000A                     	;# 
    66  000B                     	;# 
    67  000C                     	;# 
    68  000D                     	;# 
    69  000E                     	;# 
    70  0010                     	;# 
    71  0011                     	;# 
    72  0012                     	;# 
    73  0015                     	;# 
    74  0016                     	;# 
    75  0016                     	;# 
    76  0017                     	;# 
    77  0018                     	;# 
    78  0019                     	;# 
    79  001A                     	;# 
    80  001B                     	;# 
    81  001C                     	;# 
    82  008C                     	;# 
    83  008D                     	;# 
    84  008E                     	;# 
    85  0090                     	;# 
    86  0091                     	;# 
    87  0092                     	;# 
    88  0095                     	;# 
    89  0096                     	;# 
    90  0097                     	;# 
    91  0099                     	;# 
    92  009A                     	;# 
    93  009B                     	;# 
    94  009B                     	;# 
    95  009C                     	;# 
    96  009D                     	;# 
    97  009E                     	;# 
    98  010C                     	;# 
    99  010D                     	;# 
   100  010E                     	;# 
   101  0116                     	;# 
   102  0117                     	;# 
   103  011D                     	;# 
   104  018C                     	;# 
   105  018D                     	;# 
   106  018E                     	;# 
   107  0191                     	;# 
   108  0191                     	;# 
   109  0192                     	;# 
   110  0193                     	;# 
   111  0193                     	;# 
   112  0194                     	;# 
   113  0195                     	;# 
   114  0196                     	;# 
   115  0197                     	;# 
   116  0199                     	;# 
   117  019A                     	;# 
   118  019B                     	;# 
   119  019B                     	;# 
   120  019B                     	;# 
   121  019B                     	;# 
   122  019C                     	;# 
   123  019C                     	;# 
   124  019D                     	;# 
   125  019E                     	;# 
   126  019F                     	;# 
   127  020D                     	;# 
   128  0210                     	;# 
   129  0211                     	;# 
   130  0211                     	;# 
   131  0212                     	;# 
   132  0212                     	;# 
   133  0213                     	;# 
   134  0213                     	;# 
   135  0214                     	;# 
   136  0214                     	;# 
   137  0215                     	;# 
   138  0215                     	;# 
   139  0215                     	;# 
   140  0216                     	;# 
   141  0216                     	;# 
   142  0217                     	;# 
   143  0217                     	;# 
   144  0291                     	;# 
   145  0291                     	;# 
   146  0292                     	;# 
   147  0293                     	;# 
   148  0298                     	;# 
   149  0298                     	;# 
   150  0299                     	;# 
   151  029A                     	;# 
   152  0394                     	;# 
   153  0395                     	;# 
   154  0396                     	;# 
   155  0FE4                     	;# 
   156  0FE5                     	;# 
   157  0FE6                     	;# 
   158  0FE7                     	;# 
   159  0FE8                     	;# 
   160  0FE9                     	;# 
   161  0FEA                     	;# 
   162  0FEB                     	;# 
   163  0FED                     	;# 
   164  0FEE                     	;# 
   165  0FEF                     	;# 
   166  0000                     	;# 
   167  0001                     	;# 
   168  0002                     	;# 
   169  0003                     	;# 
   170  0004                     	;# 
   171  0005                     	;# 
   172  0006                     	;# 
   173  0007                     	;# 
   174  0008                     	;# 
   175  0009                     	;# 
   176  000A                     	;# 
   177  000B                     	;# 
   178  000C                     	;# 
   179  000D                     	;# 
   180  000E                     	;# 
   181  0010                     	;# 
   182  0011                     	;# 
   183  0012                     	;# 
   184  0015                     	;# 
   185  0016                     	;# 
   186  0016                     	;# 
   187  0017                     	;# 
   188  0018                     	;# 
   189  0019                     	;# 
   190  001A                     	;# 
   191  001B                     	;# 
   192  001C                     	;# 
   193  008C                     	;# 
   194  008D                     	;# 
   195  008E                     	;# 
   196  0090                     	;# 
   197  0091                     	;# 
   198  0092                     	;# 
   199  0095                     	;# 
   200  0096                     	;# 
   201  0097                     	;# 
   202  0099                     	;# 
   203  009A                     	;# 
   204  009B                     	;# 
   205  009B                     	;# 
   206  009C                     	;# 
   207  009D                     	;# 
   208  009E                     	;# 
   209  010C                     	;# 
   210  010D                     	;# 
   211  010E                     	;# 
   212  0116                     	;# 
   213  0117                     	;# 
   214  011D                     	;# 
   215  018C                     	;# 
   216  018D                     	;# 
   217  018E                     	;# 
   218  0191                     	;# 
   219  0191                     	;# 
   220  0192                     	;# 
   221  0193                     	;# 
   222  0193                     	;# 
   223  0194                     	;# 
   224  0195                     	;# 
   225  0196                     	;# 
   226  0197                     	;# 
   227  0199                     	;# 
   228  019A                     	;# 
   229  019B                     	;# 
   230  019B                     	;# 
   231  019B                     	;# 
   232  019B                     	;# 
   233  019C                     	;# 
   234  019C                     	;# 
   235  019D                     	;# 
   236  019E                     	;# 
   237  019F                     	;# 
   238  020D                     	;# 
   239  0210                     	;# 
   240  0211                     	;# 
   241  0211                     	;# 
   242  0212                     	;# 
   243  0212                     	;# 
   244  0213                     	;# 
   245  0213                     	;# 
   246  0214                     	;# 
   247  0214                     	;# 
   248  0215                     	;# 
   249  0215                     	;# 
   250  0215                     	;# 
   251  0216                     	;# 
   252  0216                     	;# 
   253  0217                     	;# 
   254  0217                     	;# 
   255  0291                     	;# 
   256  0291                     	;# 
   257  0292                     	;# 
   258  0293                     	;# 
   259  0298                     	;# 
   260  0298                     	;# 
   261  0299                     	;# 
   262  029A                     	;# 
   263  0394                     	;# 
   264  0395                     	;# 
   265  0396                     	;# 
   266  0FE4                     	;# 
   267  0FE5                     	;# 
   268  0FE6                     	;# 
   269  0FE7                     	;# 
   270  0FE8                     	;# 
   271  0FE9                     	;# 
   272  0FEA                     	;# 
   273  0FEB                     	;# 
   274  0FED                     	;# 
   275  0FEE                     	;# 
   276  0FEF                     	;# 
   277  0000                     	;# 
   278  0001                     	;# 
   279  0002                     	;# 
   280  0003                     	;# 
   281  0004                     	;# 
   282  0005                     	;# 
   283  0006                     	;# 
   284  0007                     	;# 
   285  0008                     	;# 
   286  0009                     	;# 
   287  000A                     	;# 
   288  000B                     	;# 
   289  000C                     	;# 
   290  000D                     	;# 
   291  000E                     	;# 
   292  0010                     	;# 
   293  0011                     	;# 
   294  0012                     	;# 
   295  0015                     	;# 
   296  0016                     	;# 
   297  0016                     	;# 
   298  0017                     	;# 
   299  0018                     	;# 
   300  0019                     	;# 
   301  001A                     	;# 
   302  001B                     	;# 
   303  001C                     	;# 
   304  008C                     	;# 
   305  008D                     	;# 
   306  008E                     	;# 
   307  0090                     	;# 
   308  0091                     	;# 
   309  0092                     	;# 
   310  0095                     	;# 
   311  0096                     	;# 
   312  0097                     	;# 
   313  0099                     	;# 
   314  009A                     	;# 
   315  009B                     	;# 
   316  009B                     	;# 
   317  009C                     	;# 
   318  009D                     	;# 
   319  009E                     	;# 
   320  010C                     	;# 
   321  010D                     	;# 
   322  010E                     	;# 
   323  0116                     	;# 
   324  0117                     	;# 
   325  011D                     	;# 
   326  018C                     	;# 
   327  018D                     	;# 
   328  018E                     	;# 
   329  0191                     	;# 
   330  0191                     	;# 
   331  0192                     	;# 
   332  0193                     	;# 
   333  0193                     	;# 
   334  0194                     	;# 
   335  0195                     	;# 
   336  0196                     	;# 
   337  0197                     	;# 
   338  0199                     	;# 
   339  019A                     	;# 
   340  019B                     	;# 
   341  019B                     	;# 
   342  019B                     	;# 
   343  019B                     	;# 
   344  019C                     	;# 
   345  019C                     	;# 
   346  019D                     	;# 
   347  019E                     	;# 
   348  019F                     	;# 
   349  020D                     	;# 
   350  0210                     	;# 
   351  0211                     	;# 
   352  0211                     	;# 
   353  0212                     	;# 
   354  0212                     	;# 
   355  0213                     	;# 
   356  0213                     	;# 
   357  0214                     	;# 
   358  0214                     	;# 
   359  0215                     	;# 
   360  0215                     	;# 
   361  0215                     	;# 
   362  0216                     	;# 
   363  0216                     	;# 
   364  0217                     	;# 
   365  0217                     	;# 
   366  0291                     	;# 
   367  0291                     	;# 
   368  0292                     	;# 
   369  0293                     	;# 
   370  0298                     	;# 
   371  0298                     	;# 
   372  0299                     	;# 
   373  029A                     	;# 
   374  0394                     	;# 
   375  0395                     	;# 
   376  0396                     	;# 
   377  0FE4                     	;# 
   378  0FE5                     	;# 
   379  0FE6                     	;# 
   380  0FE7                     	;# 
   381  0FE8                     	;# 
   382  0FE9                     	;# 
   383  0FEA                     	;# 
   384  0FEB                     	;# 
   385  0FED                     	;# 
   386  0FEE                     	;# 
   387  0FEF                     	;# 
   388  0000                     	;# 
   389  0001                     	;# 
   390  0002                     	;# 
   391  0003                     	;# 
   392  0004                     	;# 
   393  0005                     	;# 
   394  0006                     	;# 
   395  0007                     	;# 
   396  0008                     	;# 
   397  0009                     	;# 
   398  000A                     	;# 
   399  000B                     	;# 
   400  000C                     	;# 
   401  000D                     	;# 
   402  000E                     	;# 
   403  0010                     	;# 
   404  0011                     	;# 
   405  0012                     	;# 
   406  0015                     	;# 
   407  0016                     	;# 
   408  0016                     	;# 
   409  0017                     	;# 
   410  0018                     	;# 
   411  0019                     	;# 
   412  001A                     	;# 
   413  001B                     	;# 
   414  001C                     	;# 
   415  008C                     	;# 
   416  008D                     	;# 
   417  008E                     	;# 
   418  0090                     	;# 
   419  0091                     	;# 
   420  0092                     	;# 
   421  0095                     	;# 
   422  0096                     	;# 
   423  0097                     	;# 
   424  0099                     	;# 
   425  009A                     	;# 
   426  009B                     	;# 
   427  009B                     	;# 
   428  009C                     	;# 
   429  009D                     	;# 
   430  009E                     	;# 
   431  010C                     	;# 
   432  010D                     	;# 
   433  010E                     	;# 
   434  0116                     	;# 
   435  0117                     	;# 
   436  011D                     	;# 
   437  018C                     	;# 
   438  018D                     	;# 
   439  018E                     	;# 
   440  0191                     	;# 
   441  0191                     	;# 
   442  0192                     	;# 
   443  0193                     	;# 
   444  0193                     	;# 
   445  0194                     	;# 
   446  0195                     	;# 
   447  0196                     	;# 
   448  0197                     	;# 
   449  0199                     	;# 
   450  019A                     	;# 
   451  019B                     	;# 
   452  019B                     	;# 
   453  019B                     	;# 
   454  019B                     	;# 
   455  019C                     	;# 
   456  019C                     	;# 
   457  019D                     	;# 
   458  019E                     	;# 
   459  019F                     	;# 
   460  020D                     	;# 
   461  0210                     	;# 
   462  0211                     	;# 
   463  0211                     	;# 
   464  0212                     	;# 
   465  0212                     	;# 
   466  0213                     	;# 
   467  0213                     	;# 
   468  0214                     	;# 
   469  0214                     	;# 
   470  0215                     	;# 
   471  0215                     	;# 
   472  0215                     	;# 
   473  0216                     	;# 
   474  0216                     	;# 
   475  0217                     	;# 
   476  0217                     	;# 
   477  0291                     	;# 
   478  0291                     	;# 
   479  0292                     	;# 
   480  0293                     	;# 
   481  0298                     	;# 
   482  0298                     	;# 
   483  0299                     	;# 
   484  029A                     	;# 
   485  0394                     	;# 
   486  0395                     	;# 
   487  0396                     	;# 
   488  0FE4                     	;# 
   489  0FE5                     	;# 
   490  0FE6                     	;# 
   491  0FE7                     	;# 
   492  0FE8                     	;# 
   493  0FE9                     	;# 
   494  0FEA                     	;# 
   495  0FEB                     	;# 
   496  0FED                     	;# 
   497  0FEE                     	;# 
   498  0FEF                     	;# 
   499  0000                     	;# 
   500  0001                     	;# 
   501  0002                     	;# 
   502  0003                     	;# 
   503  0004                     	;# 
   504  0005                     	;# 
   505  0006                     	;# 
   506  0007                     	;# 
   507  0008                     	;# 
   508  0009                     	;# 
   509  000A                     	;# 
   510  000B                     	;# 
   511  000C                     	;# 
   512  000D                     	;# 
   513  000E                     	;# 
   514  0010                     	;# 
   515  0011                     	;# 
   516  0012                     	;# 
   517  0015                     	;# 
   518  0016                     	;# 
   519  0016                     	;# 
   520  0017                     	;# 
   521  0018                     	;# 
   522  0019                     	;# 
   523  001A                     	;# 
   524  001B                     	;# 
   525  001C                     	;# 
   526  008C                     	;# 
   527  008D                     	;# 
   528  008E                     	;# 
   529  0090                     	;# 
   530  0091                     	;# 
   531  0092                     	;# 
   532  0095                     	;# 
   533  0096                     	;# 
   534  0097                     	;# 
   535  0099                     	;# 
   536  009A                     	;# 
   537  009B                     	;# 
   538  009B                     	;# 
   539  009C                     	;# 
   540  009D                     	;# 
   541  009E                     	;# 
   542  010C                     	;# 
   543  010D                     	;# 
   544  010E                     	;# 
   545  0116                     	;# 
   546  0117                     	;# 
   547  011D                     	;# 
   548  018C                     	;# 
   549  018D                     	;# 
   550  018E                     	;# 
   551  0191                     	;# 
   552  0191                     	;# 
   553  0192                     	;# 
   554  0193                     	;# 
   555  0193                     	;# 
   556  0194                     	;# 
   557  0195                     	;# 
   558  0196                     	;# 
   559  0197                     	;# 
   560  0199                     	;# 
   561  019A                     	;# 
   562  019B                     	;# 
   563  019B                     	;# 
   564  019B                     	;# 
   565  019B                     	;# 
   566  019C                     	;# 
   567  019C                     	;# 
   568  019D                     	;# 
   569  019E                     	;# 
   570  019F                     	;# 
   571  020D                     	;# 
   572  0210                     	;# 
   573  0211                     	;# 
   574  0211                     	;# 
   575  0212                     	;# 
   576  0212                     	;# 
   577  0213                     	;# 
   578  0213                     	;# 
   579  0214                     	;# 
   580  0214                     	;# 
   581  0215                     	;# 
   582  0215                     	;# 
   583  0215                     	;# 
   584  0216                     	;# 
   585  0216                     	;# 
   586  0217                     	;# 
   587  0217                     	;# 
   588  0291                     	;# 
   589  0291                     	;# 
   590  0292                     	;# 
   591  0293                     	;# 
   592  0298                     	;# 
   593  0298                     	;# 
   594  0299                     	;# 
   595  029A                     	;# 
   596  0394                     	;# 
   597  0395                     	;# 
   598  0396                     	;# 
   599  0FE4                     	;# 
   600  0FE5                     	;# 
   601  0FE6                     	;# 
   602  0FE7                     	;# 
   603  0FE8                     	;# 
   604  0FE9                     	;# 
   605  0FEA                     	;# 
   606  0FEB                     	;# 
   607  0FED                     	;# 
   608  0FEE                     	;# 
   609  0FEF                     	;# 
   610                           
   611                           	psect	nvCOMMON
   612  0074                     __pnvCOMMON:	
   613  0074                     _INT_InterruptHandler:	
   614  0074                     	ds	2
   615  000B                     _INTCONbits	set	11
   616  0095                     _OPTION_REGbits	set	149
   617  008E                     _TRISC	set	142
   618  008D                     _TRISB	set	141
   619  008C                     _TRISA	set	140
   620  0097                     _WDTCON	set	151
   621  0099                     _OSCCON	set	153
   622  010C                     _LATAbits	set	268
   623  011D                     _APFCON	set	285
   624  010E                     _LATC	set	270
   625  010D                     _LATB	set	269
   626  010C                     _LATA	set	268
   627  0116                     _BORCON	set	278
   628  018C                     _ANSELA	set	396
   629  018D                     _ANSELB	set	397
   630  018E                     _ANSELC	set	398
   631  020D                     _WPUB	set	525
   632  0210                     _WPUE	set	528
   633                           
   634                           ; #config settings
   635  0000                     
   636                           	psect	cinit
   637  0015                     start_initialization:	
   638  0015                     __initialization:	
   639  0015                     end_of_initialization:	
   640                           ;End of C runtime variable initialization code
   641                           
   642  0015                     __end_of__initialization:	
   643  0015  107E               	bcf	int$flags,0	;clear compiler interrupt flag (level 1)
   644  0016  0020               	movlb	0
   645  0017  3180  284A         	ljmp	_main	;jump to C main() function
   646                           
   647                           	psect	cstackCOMMON
   648  0070                     __pcstackCOMMON:	
   649  0070                     ?_PIN_MANAGER_Initialize:	
   650  0070                     ?_OSCILLATOR_Initialize:	
   651                           ; 1 bytes @ 0x0
   652                           
   653  0070                     ?_WDT_Initialize:	
   654                           ; 1 bytes @ 0x0
   655                           
   656  0070                     ?_EXT_INT_Initialize:	
   657                           ; 1 bytes @ 0x0
   658                           
   659  0070                     ?_INT_CallBack:	
   660                           ; 1 bytes @ 0x0
   661                           
   662  0070                     ?_SYSTEM_Initialize:	
   663                           ; 1 bytes @ 0x0
   664                           
   665  0070                     ?_capTouchPowerISR:	
   666                           ; 1 bytes @ 0x0
   667                           
   668  0070                     ??_capTouchPowerISR:	
   669                           ; 1 bytes @ 0x0
   670                           
   671  0070                     ?_main:	
   672                           ; 1 bytes @ 0x0
   673                           
   674  0070                     ?_INT_ISR:	
   675                           ; 1 bytes @ 0x0
   676                           
   677  0070                     ?_INT_DefaultInterruptHandler:	
   678                           ; 1 bytes @ 0x0
   679                           
   680  0070                     ??_INT_DefaultInterruptHandler:	
   681                           ; 1 bytes @ 0x0
   682                           
   683  0070                     ?_INTERRUPT_InterruptManager:	
   684                           ; 1 bytes @ 0x0
   685                           
   686                           
   687                           ; 1 bytes @ 0x0
   688  0070                     	ds	2
   689  0072                     ??_PIN_MANAGER_Initialize:	
   690  0072                     ??_OSCILLATOR_Initialize:	
   691                           ; 1 bytes @ 0x2
   692                           
   693  0072                     ??_WDT_Initialize:	
   694                           ; 1 bytes @ 0x2
   695                           
   696  0072                     ?_INT_SetInterruptHandler:	
   697                           ; 1 bytes @ 0x2
   698                           
   699  0072                     ??_INT_CallBack:	
   700                           ; 1 bytes @ 0x2
   701                           
   702  0072                     ??_INT_ISR:	
   703                           ; 1 bytes @ 0x2
   704                           
   705  0072                     ??_INTERRUPT_InterruptManager:	
   706                           ; 1 bytes @ 0x2
   707                           
   708  0072                     INT_SetInterruptHandler@InterruptHandler:	
   709                           ; 1 bytes @ 0x2
   710                           
   711                           
   712                           ; 2 bytes @ 0x2
   713  0072                     	ds	2
   714  0074                     ??_EXT_INT_Initialize:	
   715  0074                     ??_INT_SetInterruptHandler:	
   716                           ; 1 bytes @ 0x4
   717                           
   718  0074                     ??_SYSTEM_Initialize:	
   719                           ; 1 bytes @ 0x4
   720                           
   721  0074                     ??_main:	
   722                           ; 1 bytes @ 0x4
   723                           
   724                           
   725                           	psect	maintext
   726  004A                     __pmaintext:	
   727                           ; 1 bytes @ 0x4
   728 ;;
   729 ;;Main: autosize = 0, tempsize = 0, incstack = 0, save=0
   730 ;;
   731 ;; *************** function _main *****************
   732 ;; Defined at:
   733 ;;		line 64 in file "main.c"
   734 ;; Parameters:    Size  Location     Type
   735 ;;		None
   736 ;; Auto vars:     Size  Location     Type
   737 ;;		None
   738 ;; Return value:  Size  Location     Type
   739 ;;                  1    wreg      void 
   740 ;; Registers used:
   741 ;;		wreg, status,2, status,0, pclath, cstack
   742 ;; Tracked objects:
   743 ;;		On entry : B1F/0
   744 ;;		On exit  : 0/0
   745 ;;		Unchanged: 0/0
   746 ;; Data sizes:     COMMON   BANK0   BANK1   BANK2   BANK3   BANK4   BANK5   BANK6   BANK7   BANK8   BANK9  BANK10  BANK1
      +1  BANK12
   747 ;;      Params:         0       0       0       0       0       0       0       0       0       0       0       0       
      +0       0
   748 ;;      Locals:         0       0       0       0       0       0       0       0       0       0       0       0       
      +0       0
   749 ;;      Temps:          0       0       0       0       0       0       0       0       0       0       0       0       
      +0       0
   750 ;;      Totals:         0       0       0       0       0       0       0       0       0       0       0       0       
      +0       0
   751 ;;Total ram usage:        0 bytes
   752 ;; Hardware stack levels required when called:    7
   753 ;; This function calls:
   754 ;;		_INT_SetInterruptHandler
   755 ;;		_SYSTEM_Initialize
   756 ;; This function is called by:
   757 ;;		Startup code after reset
   758 ;; This function uses a non-reentrant model
   759 ;;
   760                           
   761                           
   762                           ;psect for function _main
   763  004A                     _main:	
   764  004A                     l711:	
   765                           ;incstack = 0
   766                           ; Regs used in _main: [wreg+status,2+status,0+pclath+cstack]
   767                           
   768                           
   769                           ;main.c: 67:     SYSTEM_Initialize();
   770  004A  3180  205C  3180   	fcall	_SYSTEM_Initialize
   771  004D                     l713:	
   772                           
   773                           ;main.c: 73:     (INTCONbits.GIE = 1);
   774  004D  178B               	bsf	11,7	;volatile
   775  004E                     l715:	
   776                           
   777                           ;main.c: 76:     (INTCONbits.PEIE = 1);
   778  004E  170B               	bsf	11,6	;volatile
   779                           
   780                           ;main.c: 84:     INT_SetInterruptHandler(capTouchPowerISR);
   781  004F  3019               	movlw	low _capTouchPowerISR
   782  0050  00F2               	movwf	INT_SetInterruptHandler@InterruptHandler
   783  0051  3000               	movlw	high _capTouchPowerISR
   784  0052  00F3               	movwf	INT_SetInterruptHandler@InterruptHandler+1
   785  0053  3180  2087  3180   	fcall	_INT_SetInterruptHandler
   786  0056                     l717:	
   787                           
   788                           ;main.c: 86:     LATAbits.LATA2 = 0;
   789  0056  0022               	movlb	2	; select bank2
   790  0057  110C               	bcf	12,2	;volatile
   791  0058                     l719:	
   792                           
   793                           ;main.c: 90:     {;main.c: 92:         __nop();
   794  0058  0000               	nop
   795  0059  2858               	goto	l719
   796  005A  3180  2813         	ljmp	start
   797  005C                     __end_of_main:	
   798                           
   799                           	psect	text1
   800  005C                     __ptext1:	
   801 ;; *************** function _SYSTEM_Initialize *****************
   802 ;; Defined at:
   803 ;;		line 50 in file "mcc_generated_files/mcc.c"
   804 ;; Parameters:    Size  Location     Type
   805 ;;		None
   806 ;; Auto vars:     Size  Location     Type
   807 ;;		None
   808 ;; Return value:  Size  Location     Type
   809 ;;                  1    wreg      void 
   810 ;; Registers used:
   811 ;;		wreg, status,2, status,0, pclath, cstack
   812 ;; Tracked objects:
   813 ;;		On entry : 0/0
   814 ;;		On exit  : 0/0
   815 ;;		Unchanged: 0/0
   816 ;; Data sizes:     COMMON   BANK0   BANK1   BANK2   BANK3   BANK4   BANK5   BANK6   BANK7   BANK8   BANK9  BANK10  BANK1
      +1  BANK12
   817 ;;      Params:         0       0       0       0       0       0       0       0       0       0       0       0       
      +0       0
   818 ;;      Locals:         0       0       0       0       0       0       0       0       0       0       0       0       
      +0       0
   819 ;;      Temps:          0       0       0       0       0       0       0       0       0       0       0       0       
      +0       0
   820 ;;      Totals:         0       0       0       0       0       0       0       0       0       0       0       0       
      +0       0
   821 ;;Total ram usage:        0 bytes
   822 ;; Hardware stack levels used:    1
   823 ;; Hardware stack levels required when called:    6
   824 ;; This function calls:
   825 ;;		_EXT_INT_Initialize
   826 ;;		_OSCILLATOR_Initialize
   827 ;;		_PIN_MANAGER_Initialize
   828 ;;		_WDT_Initialize
   829 ;; This function is called by:
   830 ;;		_main
   831 ;; This function uses a non-reentrant model
   832 ;;
   833                           
   834                           
   835                           ;psect for function _SYSTEM_Initialize
   836  005C                     _SYSTEM_Initialize:	
   837  005C                     l709:	
   838                           ;incstack = 0
   839                           ; Regs used in _SYSTEM_Initialize: [wreg+status,2+status,0+pclath+cstack]
   840                           
   841                           
   842                           ;mcc_generated_files/mcc.c: 53:     PIN_MANAGER_Initialize();
   843  005C  3180  2034  3180   	fcall	_PIN_MANAGER_Initialize
   844                           
   845                           ;mcc_generated_files/mcc.c: 54:     OSCILLATOR_Initialize();
   846  005F  3180  2081  3180   	fcall	_OSCILLATOR_Initialize
   847                           
   848                           ;mcc_generated_files/mcc.c: 55:     WDT_Initialize();
   849  0062  3180  2091  3180   	fcall	_WDT_Initialize
   850                           
   851                           ;mcc_generated_files/mcc.c: 56:     EXT_INT_Initialize();
   852  0065  3180  2069  3180   	fcall	_EXT_INT_Initialize
   853  0068                     l17:	
   854  0068  0008               	return
   855  0069                     __end_of_SYSTEM_Initialize:	
   856                           
   857                           	psect	text2
   858  0091                     __ptext2:	
   859 ;; *************** function _WDT_Initialize *****************
   860 ;; Defined at:
   861 ;;		line 67 in file "mcc_generated_files/mcc.c"
   862 ;; Parameters:    Size  Location     Type
   863 ;;		None
   864 ;; Auto vars:     Size  Location     Type
   865 ;;		None
   866 ;; Return value:  Size  Location     Type
   867 ;;                  1    wreg      void 
   868 ;; Registers used:
   869 ;;		wreg
   870 ;; Tracked objects:
   871 ;;		On entry : 0/0
   872 ;;		On exit  : 0/0
   873 ;;		Unchanged: 0/0
   874 ;; Data sizes:     COMMON   BANK0   BANK1   BANK2   BANK3   BANK4   BANK5   BANK6   BANK7   BANK8   BANK9  BANK10  BANK1
      +1  BANK12
   875 ;;      Params:         0       0       0       0       0       0       0       0       0       0       0       0       
      +0       0
   876 ;;      Locals:         0       0       0       0       0       0       0       0       0       0       0       0       
      +0       0
   877 ;;      Temps:          0       0       0       0       0       0       0       0       0       0       0       0       
      +0       0
   878 ;;      Totals:         0       0       0       0       0       0       0       0       0       0       0       0       
      +0       0
   879 ;;Total ram usage:        0 bytes
   880 ;; Hardware stack levels used:    1
   881 ;; Hardware stack levels required when called:    4
   882 ;; This function calls:
   883 ;;		Nothing
   884 ;; This function is called by:
   885 ;;		_SYSTEM_Initialize
   886 ;; This function uses a non-reentrant model
   887 ;;
   888                           
   889                           
   890                           ;psect for function _WDT_Initialize
   891  0091                     _WDT_Initialize:	
   892  0091                     l667:	
   893                           ;incstack = 0
   894                           ; Regs used in _WDT_Initialize: [wreg]
   895                           
   896                           
   897                           ;mcc_generated_files/mcc.c: 70:     WDTCON = 0x16;
   898  0091  3016               	movlw	22
   899  0092  0021               	movlb	1	; select bank1
   900  0093  0097               	movwf	23	;volatile
   901  0094                     l23:	
   902  0094  0008               	return
   903  0095                     __end_of_WDT_Initialize:	
   904                           
   905                           	psect	text3
   906  0034                     __ptext3:	
   907 ;; *************** function _PIN_MANAGER_Initialize *****************
   908 ;; Defined at:
   909 ;;		line 55 in file "mcc_generated_files/pin_manager.c"
   910 ;; Parameters:    Size  Location     Type
   911 ;;		None
   912 ;; Auto vars:     Size  Location     Type
   913 ;;		None
   914 ;; Return value:  Size  Location     Type
   915 ;;                  1    wreg      void 
   916 ;; Registers used:
   917 ;;		wreg, status,2
   918 ;; Tracked objects:
   919 ;;		On entry : 0/0
   920 ;;		On exit  : 0/0
   921 ;;		Unchanged: 0/0
   922 ;; Data sizes:     COMMON   BANK0   BANK1   BANK2   BANK3   BANK4   BANK5   BANK6   BANK7   BANK8   BANK9  BANK10  BANK1
      +1  BANK12
   923 ;;      Params:         0       0       0       0       0       0       0       0       0       0       0       0       
      +0       0
   924 ;;      Locals:         0       0       0       0       0       0       0       0       0       0       0       0       
      +0       0
   925 ;;      Temps:          0       0       0       0       0       0       0       0       0       0       0       0       
      +0       0
   926 ;;      Totals:         0       0       0       0       0       0       0       0       0       0       0       0       
      +0       0
   927 ;;Total ram usage:        0 bytes
   928 ;; Hardware stack levels used:    1
   929 ;; Hardware stack levels required when called:    4
   930 ;; This function calls:
   931 ;;		Nothing
   932 ;; This function is called by:
   933 ;;		_SYSTEM_Initialize
   934 ;; This function uses a non-reentrant model
   935 ;;
   936                           
   937                           
   938                           ;psect for function _PIN_MANAGER_Initialize
   939  0034                     _PIN_MANAGER_Initialize:	
   940  0034                     l651:	
   941                           ;incstack = 0
   942                           ; Regs used in _PIN_MANAGER_Initialize: [wreg+status,2]
   943                           
   944                           
   945                           ;mcc_generated_files/pin_manager.c: 60:     LATA = 0x04;
   946  0034  3004               	movlw	4
   947  0035  0022               	movlb	2	; select bank2
   948  0036  008C               	movwf	12	;volatile
   949  0037                     l653:	
   950                           
   951                           ;mcc_generated_files/pin_manager.c: 61:     LATB = 0x00;
   952  0037  018D               	clrf	13	;volatile
   953  0038                     l655:	
   954                           
   955                           ;mcc_generated_files/pin_manager.c: 62:     LATC = 0x00;
   956  0038  018E               	clrf	14	;volatile
   957  0039                     l657:	
   958                           
   959                           ;mcc_generated_files/pin_manager.c: 67:     TRISA = 0x00;
   960  0039  0021               	movlb	1	; select bank1
   961  003A  018C               	clrf	12	;volatile
   962  003B                     l659:	
   963                           
   964                           ;mcc_generated_files/pin_manager.c: 68:     TRISB = 0x07;
   965  003B  3007               	movlw	7
   966  003C  008D               	movwf	13	;volatile
   967                           
   968                           ;mcc_generated_files/pin_manager.c: 69:     TRISC = 0x00;
   969  003D  018E               	clrf	14	;volatile
   970                           
   971                           ;mcc_generated_files/pin_manager.c: 74:     ANSELC = 0x00;
   972  003E  0023               	movlb	3	; select bank3
   973  003F  018E               	clrf	14	;volatile
   974                           
   975                           ;mcc_generated_files/pin_manager.c: 75:     ANSELB = 0x00;
   976  0040  018D               	clrf	13	;volatile
   977                           
   978                           ;mcc_generated_files/pin_manager.c: 76:     ANSELA = 0x00;
   979  0041  018C               	clrf	12	;volatile
   980                           
   981                           ;mcc_generated_files/pin_manager.c: 81:     WPUE = 0x00;
   982  0042  0024               	movlb	4	; select bank4
   983  0043  0190               	clrf	16	;volatile
   984                           
   985                           ;mcc_generated_files/pin_manager.c: 82:     WPUB = 0x00;
   986  0044  018D               	clrf	13	;volatile
   987  0045                     l661:	
   988                           
   989                           ;mcc_generated_files/pin_manager.c: 83:     OPTION_REGbits.nWPUEN = 1;
   990  0045  0021               	movlb	1	; select bank1
   991  0046  1795               	bsf	21,7	;volatile
   992                           
   993                           ;mcc_generated_files/pin_manager.c: 89:     APFCON = 0x00;
   994  0047  0022               	movlb	2	; select bank2
   995  0048  019D               	clrf	29	;volatile
   996  0049                     l52:	
   997  0049  0008               	return
   998  004A                     __end_of_PIN_MANAGER_Initialize:	
   999                           
  1000                           	psect	text4
  1001  0081                     __ptext4:	
  1002 ;; *************** function _OSCILLATOR_Initialize *****************
  1003 ;; Defined at:
  1004 ;;		line 59 in file "mcc_generated_files/mcc.c"
  1005 ;; Parameters:    Size  Location     Type
  1006 ;;		None
  1007 ;; Auto vars:     Size  Location     Type
  1008 ;;		None
  1009 ;; Return value:  Size  Location     Type
  1010 ;;                  1    wreg      void 
  1011 ;; Registers used:
  1012 ;;		wreg, status,2
  1013 ;; Tracked objects:
  1014 ;;		On entry : 0/0
  1015 ;;		On exit  : 0/0
  1016 ;;		Unchanged: 0/0
  1017 ;; Data sizes:     COMMON   BANK0   BANK1   BANK2   BANK3   BANK4   BANK5   BANK6   BANK7   BANK8   BANK9  BANK10  BANK1
      +1  BANK12
  1018 ;;      Params:         0       0       0       0       0       0       0       0       0       0       0       0       
      +0       0
  1019 ;;      Locals:         0       0       0       0       0       0       0       0       0       0       0       0       
      +0       0
  1020 ;;      Temps:          0       0       0       0       0       0       0       0       0       0       0       0       
      +0       0
  1021 ;;      Totals:         0       0       0       0       0       0       0       0       0       0       0       0       
      +0       0
  1022 ;;Total ram usage:        0 bytes
  1023 ;; Hardware stack levels used:    1
  1024 ;; Hardware stack levels required when called:    4
  1025 ;; This function calls:
  1026 ;;		Nothing
  1027 ;; This function is called by:
  1028 ;;		_SYSTEM_Initialize
  1029 ;; This function uses a non-reentrant model
  1030 ;;
  1031                           
  1032                           
  1033                           ;psect for function _OSCILLATOR_Initialize
  1034  0081                     _OSCILLATOR_Initialize:	
  1035  0081                     l663:	
  1036                           ;incstack = 0
  1037                           ; Regs used in _OSCILLATOR_Initialize: [wreg+status,2]
  1038                           
  1039                           
  1040                           ;mcc_generated_files/mcc.c: 62:     OSCCON = 0x78;
  1041  0081  3078               	movlw	120
  1042  0082  0021               	movlb	1	; select bank1
  1043  0083  0099               	movwf	25	;volatile
  1044  0084                     l665:	
  1045                           
  1046                           ;mcc_generated_files/mcc.c: 64:     BORCON = 0x00;
  1047  0084  0022               	movlb	2	; select bank2
  1048  0085  0196               	clrf	22	;volatile
  1049  0086                     l20:	
  1050  0086  0008               	return
  1051  0087                     __end_of_OSCILLATOR_Initialize:	
  1052                           
  1053                           	psect	text5
  1054  0069                     __ptext5:	
  1055 ;; *************** function _EXT_INT_Initialize *****************
  1056 ;; Defined at:
  1057 ;;		line 59 in file "mcc_generated_files/ext_int.c"
  1058 ;; Parameters:    Size  Location     Type
  1059 ;;		None
  1060 ;; Auto vars:     Size  Location     Type
  1061 ;;		None
  1062 ;; Return value:  Size  Location     Type
  1063 ;;                  1    wreg      void 
  1064 ;; Registers used:
  1065 ;;		wreg, status,2, status,0, pclath, cstack
  1066 ;; Tracked objects:
  1067 ;;		On entry : 0/0
  1068 ;;		On exit  : 0/0
  1069 ;;		Unchanged: 0/0
  1070 ;; Data sizes:     COMMON   BANK0   BANK1   BANK2   BANK3   BANK4   BANK5   BANK6   BANK7   BANK8   BANK9  BANK10  BANK1
      +1  BANK12
  1071 ;;      Params:         0       0       0       0       0       0       0       0       0       0       0       0       
      +0       0
  1072 ;;      Locals:         0       0       0       0       0       0       0       0       0       0       0       0       
      +0       0
  1073 ;;      Temps:          0       0       0       0       0       0       0       0       0       0       0       0       
      +0       0
  1074 ;;      Totals:         0       0       0       0       0       0       0       0       0       0       0       0       
      +0       0
  1075 ;;Total ram usage:        0 bytes
  1076 ;; Hardware stack levels used:    1
  1077 ;; Hardware stack levels required when called:    5
  1078 ;; This function calls:
  1079 ;;		_INT_SetInterruptHandler
  1080 ;; This function is called by:
  1081 ;;		_SYSTEM_Initialize
  1082 ;; This function uses a non-reentrant model
  1083 ;;
  1084                           
  1085                           
  1086                           ;psect for function _EXT_INT_Initialize
  1087  0069                     _EXT_INT_Initialize:	
  1088  0069                     l703:	
  1089                           ;incstack = 0
  1090                           ; Regs used in _EXT_INT_Initialize: [wreg+status,2+status,0+pclath+cstack]
  1091                           
  1092                           
  1093                           ;mcc_generated_files/ext_int.c: 64:     (INTCONbits.INTF = 0);
  1094  0069  108B               	bcf	11,1	;volatile
  1095                           
  1096                           ;mcc_generated_files/ext_int.c: 65:     (OPTION_REGbits.INTEDG = 1);
  1097  006A  0021               	movlb	1	; select bank1
  1098  006B  1715               	bsf	21,6	;volatile
  1099  006C                     l705:	
  1100                           
  1101                           ;mcc_generated_files/ext_int.c: 67:     INT_SetInterruptHandler(INT_DefaultInterruptHand
      +                          ler);
  1102  006C  3095               	movlw	low _INT_DefaultInterruptHandler
  1103  006D  00F2               	movwf	INT_SetInterruptHandler@InterruptHandler
  1104  006E  3000               	movlw	high _INT_DefaultInterruptHandler
  1105  006F  00F3               	movwf	INT_SetInterruptHandler@InterruptHandler+1
  1106  0070  3180  2087  3180   	fcall	_INT_SetInterruptHandler
  1107  0073                     l707:	
  1108                           
  1109                           ;mcc_generated_files/ext_int.c: 68:     (INTCONbits.INTE = 1);
  1110  0073  160B               	bsf	11,4	;volatile
  1111  0074                     l102:	
  1112  0074  0008               	return
  1113  0075                     __end_of_EXT_INT_Initialize:	
  1114                           
  1115                           	psect	text6
  1116  0087                     __ptext6:	
  1117 ;; *************** function _INT_SetInterruptHandler *****************
  1118 ;; Defined at:
  1119 ;;		line 50 in file "mcc_generated_files/ext_int.c"
  1120 ;; Parameters:    Size  Location     Type
  1121 ;;  InterruptHan    2    2[COMMON] PTR FTN()void 
  1122 ;;		 -> INT_DefaultInterruptHandler(1), capTouchPowerISR(1), 
  1123 ;; Auto vars:     Size  Location     Type
  1124 ;;		None
  1125 ;; Return value:  Size  Location     Type
  1126 ;;                  1    wreg      void 
  1127 ;; Registers used:
  1128 ;;		wreg
  1129 ;; Tracked objects:
  1130 ;;		On entry : 0/0
  1131 ;;		On exit  : 0/0
  1132 ;;		Unchanged: 0/0
  1133 ;; Data sizes:     COMMON   BANK0   BANK1   BANK2   BANK3   BANK4   BANK5   BANK6   BANK7   BANK8   BANK9  BANK10  BANK1
      +1  BANK12
  1134 ;;      Params:         2       0       0       0       0       0       0       0       0       0       0       0       
      +0       0
  1135 ;;      Locals:         0       0       0       0       0       0       0       0       0       0       0       0       
      +0       0
  1136 ;;      Temps:          0       0       0       0       0       0       0       0       0       0       0       0       
      +0       0
  1137 ;;      Totals:         2       0       0       0       0       0       0       0       0       0       0       0       
      +0       0
  1138 ;;Total ram usage:        2 bytes
  1139 ;; Hardware stack levels used:    1
  1140 ;; Hardware stack levels required when called:    4
  1141 ;; This function calls:
  1142 ;;		Nothing
  1143 ;; This function is called by:
  1144 ;;		_main
  1145 ;;		_EXT_INT_Initialize
  1146 ;; This function uses a non-reentrant model
  1147 ;;
  1148                           
  1149                           
  1150                           ;psect for function _INT_SetInterruptHandler
  1151  0087                     _INT_SetInterruptHandler:	
  1152  0087                     l701:	
  1153                           ;incstack = 0
  1154                           ; Regs used in _INT_SetInterruptHandler: [wreg]
  1155                           
  1156                           
  1157                           ;mcc_generated_files/ext_int.c: 51:     INT_InterruptHandler = InterruptHandler;
  1158  0087  0873               	movf	INT_SetInterruptHandler@InterruptHandler+1,w
  1159  0088  00F5               	movwf	_INT_InterruptHandler+1
  1160  0089  0872               	movf	INT_SetInterruptHandler@InterruptHandler,w
  1161  008A  00F4               	movwf	_INT_InterruptHandler
  1162  008B                     l96:	
  1163  008B  0008               	return
  1164  008C                     __end_of_INT_SetInterruptHandler:	
  1165                           
  1166                           	psect	intentry
  1167  0004                     __pintentry:	
  1168 ;; *************** function _INTERRUPT_InterruptManager *****************
  1169 ;; Defined at:
  1170 ;;		line 52 in file "mcc_generated_files/interrupt_manager.c"
  1171 ;; Parameters:    Size  Location     Type
  1172 ;;		None
  1173 ;; Auto vars:     Size  Location     Type
  1174 ;;		None
  1175 ;; Return value:  Size  Location     Type
  1176 ;;                  1    wreg      void 
  1177 ;; Registers used:
  1178 ;;		wreg, status,2, status,0, pclath, cstack
  1179 ;; Tracked objects:
  1180 ;;		On entry : 0/0
  1181 ;;		On exit  : 0/0
  1182 ;;		Unchanged: 0/0
  1183 ;; Data sizes:     COMMON   BANK0   BANK1   BANK2   BANK3   BANK4   BANK5   BANK6   BANK7   BANK8   BANK9  BANK10  BANK1
      +1  BANK12
  1184 ;;      Params:         0       0       0       0       0       0       0       0       0       0       0       0       
      +0       0
  1185 ;;      Locals:         0       0       0       0       0       0       0       0       0       0       0       0       
      +0       0
  1186 ;;      Temps:          0       0       0       0       0       0       0       0       0       0       0       0       
      +0       0
  1187 ;;      Totals:         0       0       0       0       0       0       0       0       0       0       0       0       
      +0       0
  1188 ;;Total ram usage:        0 bytes
  1189 ;; Hardware stack levels used:    1
  1190 ;; Hardware stack levels required when called:    3
  1191 ;; This function calls:
  1192 ;;		_INT_ISR
  1193 ;; This function is called by:
  1194 ;;		Interrupt level 1
  1195 ;; This function uses a non-reentrant model
  1196 ;;
  1197                           
  1198  0004                     _INTERRUPT_InterruptManager:	
  1199                           
  1200                           ;incstack = 0
  1201  0004  147E               	bsf	int$flags,0	;set compiler interrupt flag (level 1)
  1202                           
  1203                           ; Regs used in _INTERRUPT_InterruptManager: [wreg+status,2+status,0+pclath+cstack]
  1204  0005  3180               	pagesel	$
  1205  0006                     i1l695:	
  1206                           
  1207                           ;mcc_generated_files/interrupt_manager.c: 55:     if(INTCONbits.INTE == 1 && INTCONbits.
      +                          INTF == 1)
  1208  0006  1E0B               	btfss	11,4	;volatile
  1209  0007  2809               	goto	u4_21
  1210  0008  280A               	goto	u4_20
  1211  0009                     u4_21:	
  1212  0009  2811               	goto	i1l113
  1213  000A                     u4_20:	
  1214  000A                     i1l697:	
  1215  000A  1C8B               	btfss	11,1	;volatile
  1216  000B  280D               	goto	u5_21
  1217  000C  280E               	goto	u5_20
  1218  000D                     u5_21:	
  1219  000D  2811               	goto	i1l113
  1220  000E                     u5_20:	
  1221  000E                     i1l699:	
  1222                           
  1223                           ;mcc_generated_files/interrupt_manager.c: 56:     {;mcc_generated_files/interrupt_manage
      +                          r.c: 57:         INT_ISR();
  1224  000E  3180  208C  3180   	fcall	_INT_ISR
  1225  0011                     i1l113:	
  1226                           ;mcc_generated_files/interrupt_manager.c: 58:     }
  1227                           
  1228  0011  107E               	bcf	int$flags,0	;clear compiler interrupt flag (level 1)
  1229  0012  0009               	retfie
  1230  0013                     __end_of_INTERRUPT_InterruptManager:	
  1231                           
  1232                           	psect	text8
  1233  008C                     __ptext8:	
  1234 ;; *************** function _INT_ISR *****************
  1235 ;; Defined at:
  1236 ;;		line 32 in file "mcc_generated_files/ext_int.c"
  1237 ;; Parameters:    Size  Location     Type
  1238 ;;		None
  1239 ;; Auto vars:     Size  Location     Type
  1240 ;;		None
  1241 ;; Return value:  Size  Location     Type
  1242 ;;                  1    wreg      void 
  1243 ;; Registers used:
  1244 ;;		wreg, status,2, status,0, pclath, cstack
  1245 ;; Tracked objects:
  1246 ;;		On entry : 0/0
  1247 ;;		On exit  : 0/0
  1248 ;;		Unchanged: 0/0
  1249 ;; Data sizes:     COMMON   BANK0   BANK1   BANK2   BANK3   BANK4   BANK5   BANK6   BANK7   BANK8   BANK9  BANK10  BANK1
      +1  BANK12
  1250 ;;      Params:         0       0       0       0       0       0       0       0       0       0       0       0       
      +0       0
  1251 ;;      Locals:         0       0       0       0       0       0       0       0       0       0       0       0       
      +0       0
  1252 ;;      Temps:          0       0       0       0       0       0       0       0       0       0       0       0       
      +0       0
  1253 ;;      Totals:         0       0       0       0       0       0       0       0       0       0       0       0       
      +0       0
  1254 ;;Total ram usage:        0 bytes
  1255 ;; Hardware stack levels used:    1
  1256 ;; Hardware stack levels required when called:    2
  1257 ;; This function calls:
  1258 ;;		_INT_CallBack
  1259 ;; This function is called by:
  1260 ;;		_INTERRUPT_InterruptManager
  1261 ;; This function uses a non-reentrant model
  1262 ;;
  1263                           
  1264                           
  1265                           ;psect for function _INT_ISR
  1266  008C                     _INT_ISR:	
  1267  008C                     i1l681:	
  1268                           ;incstack = 0
  1269                           ; Regs used in _INT_ISR: [wreg+status,2+status,0+pclath+cstack]
  1270                           
  1271                           
  1272                           ;mcc_generated_files/ext_int.c: 34:     (INTCONbits.INTF = 0);
  1273  008C  108B               	bcf	11,1	;volatile
  1274  008D                     i1l683:	
  1275                           
  1276                           ;mcc_generated_files/ext_int.c: 37:     INT_CallBack();
  1277  008D  3180  2075  3180   	fcall	_INT_CallBack
  1278  0090                     i1l89:	
  1279  0090  0008               	return
  1280  0091                     __end_of_INT_ISR:	
  1281                           
  1282                           	psect	text9
  1283  0075                     __ptext9:	
  1284 ;; *************** function _INT_CallBack *****************
  1285 ;; Defined at:
  1286 ;;		line 41 in file "mcc_generated_files/ext_int.c"
  1287 ;; Parameters:    Size  Location     Type
  1288 ;;		None
  1289 ;; Auto vars:     Size  Location     Type
  1290 ;;		None
  1291 ;; Return value:  Size  Location     Type
  1292 ;;                  1    wreg      void 
  1293 ;; Registers used:
  1294 ;;		wreg, status,2, status,0, pclath, cstack
  1295 ;; Tracked objects:
  1296 ;;		On entry : 0/0
  1297 ;;		On exit  : 0/0
  1298 ;;		Unchanged: 0/0
  1299 ;; Data sizes:     COMMON   BANK0   BANK1   BANK2   BANK3   BANK4   BANK5   BANK6   BANK7   BANK8   BANK9  BANK10  BANK1
      +1  BANK12
  1300 ;;      Params:         0       0       0       0       0       0       0       0       0       0       0       0       
      +0       0
  1301 ;;      Locals:         0       0       0       0       0       0       0       0       0       0       0       0       
      +0       0
  1302 ;;      Temps:          0       0       0       0       0       0       0       0       0       0       0       0       
      +0       0
  1303 ;;      Totals:         0       0       0       0       0       0       0       0       0       0       0       0       
      +0       0
  1304 ;;Total ram usage:        0 bytes
  1305 ;; Hardware stack levels used:    1
  1306 ;; Hardware stack levels required when called:    1
  1307 ;; This function calls:
  1308 ;;		Absolute function
  1309 ;;		_INT_DefaultInterruptHandler
  1310 ;;		_capTouchPowerISR
  1311 ;; This function is called by:
  1312 ;;		_INT_ISR
  1313 ;; This function uses a non-reentrant model
  1314 ;;
  1315                           
  1316                           
  1317                           ;psect for function _INT_CallBack
  1318  0075                     _INT_CallBack:	
  1319  0075                     i1l675:	
  1320                           ;incstack = 0
  1321                           ; Regs used in _INT_CallBack: [wreg+status,2+status,0+pclath+cstack]
  1322                           
  1323                           
  1324                           ;mcc_generated_files/ext_int.c: 44:     if(INT_InterruptHandler)
  1325  0075  0874               	movf	_INT_InterruptHandler,w
  1326  0076  0475               	iorwf	_INT_InterruptHandler+1,w
  1327  0077  1903               	btfsc	3,2
  1328  0078  287A               	goto	u3_21
  1329  0079  287B               	goto	u3_20
  1330  007A                     u3_21:	
  1331  007A  2880               	goto	i1l93
  1332  007B                     u3_20:	
  1333  007B                     i1l677:	
  1334                           
  1335                           ;mcc_generated_files/ext_int.c: 45:     {;mcc_generated_files/ext_int.c: 46:         INT
      +                          _InterruptHandler();
  1336  007B  0875               	movf	_INT_InterruptHandler+1,w
  1337  007C  008A               	movwf	10
  1338  007D  0874               	movf	_INT_InterruptHandler,w
  1339  007E  000A               	callw
  1340  007F  3180               	pagesel	$
  1341  0080                     i1l93:	
  1342  0080  0008               	return
  1343  0081                     __end_of_INT_CallBack:	
  1344                           
  1345                           	psect	text10
  1346  0095                     __ptext10:	
  1347 ;; *************** function _INT_DefaultInterruptHandler *****************
  1348 ;; Defined at:
  1349 ;;		line 54 in file "mcc_generated_files/ext_int.c"
  1350 ;; Parameters:    Size  Location     Type
  1351 ;;		None
  1352 ;; Auto vars:     Size  Location     Type
  1353 ;;		None
  1354 ;; Return value:  Size  Location     Type
  1355 ;;                  1    wreg      void 
  1356 ;; Registers used:
  1357 ;;		None
  1358 ;; Tracked objects:
  1359 ;;		On entry : 0/0
  1360 ;;		On exit  : 0/0
  1361 ;;		Unchanged: 0/0
  1362 ;; Data sizes:     COMMON   BANK0   BANK1   BANK2   BANK3   BANK4   BANK5   BANK6   BANK7   BANK8   BANK9  BANK10  BANK1
      +1  BANK12
  1363 ;;      Params:         0       0       0       0       0       0       0       0       0       0       0       0       
      +0       0
  1364 ;;      Locals:         0       0       0       0       0       0       0       0       0       0       0       0       
      +0       0
  1365 ;;      Temps:          0       0       0       0       0       0       0       0       0       0       0       0       
      +0       0
  1366 ;;      Totals:         0       0       0       0       0       0       0       0       0       0       0       0       
      +0       0
  1367 ;;Total ram usage:        0 bytes
  1368 ;; Hardware stack levels used:    1
  1369 ;; This function calls:
  1370 ;;		Nothing
  1371 ;; This function is called by:
  1372 ;;		_EXT_INT_Initialize
  1373 ;;		_INT_CallBack
  1374 ;; This function uses a non-reentrant model
  1375 ;;
  1376                           
  1377                           
  1378                           ;psect for function _INT_DefaultInterruptHandler
  1379  0095                     _INT_DefaultInterruptHandler:	
  1380  0095                     i1l99:	
  1381                           ;incstack = 0
  1382                           ; Regs used in _INT_DefaultInterruptHandler: []
  1383                           
  1384  0095  0008               	return
  1385  0096                     __end_of_INT_DefaultInterruptHandler:	
  1386                           
  1387                           	psect	text11
  1388  0019                     __ptext11:	
  1389 ;; *************** function _capTouchPowerISR *****************
  1390 ;; Defined at:
  1391 ;;		line 47 in file "main.c"
  1392 ;; Parameters:    Size  Location     Type
  1393 ;;		None
  1394 ;; Auto vars:     Size  Location     Type
  1395 ;;		None
  1396 ;; Return value:  Size  Location     Type
  1397 ;;                  1    wreg      void 
  1398 ;; Registers used:
  1399 ;;		wreg, status,0
  1400 ;; Tracked objects:
  1401 ;;		On entry : 0/0
  1402 ;;		On exit  : 0/0
  1403 ;;		Unchanged: 0/0
  1404 ;; Data sizes:     COMMON   BANK0   BANK1   BANK2   BANK3   BANK4   BANK5   BANK6   BANK7   BANK8   BANK9  BANK10  BANK1
      +1  BANK12
  1405 ;;      Params:         0       0       0       0       0       0       0       0       0       0       0       0       
      +0       0
  1406 ;;      Locals:         0       0       0       0       0       0       0       0       0       0       0       0       
      +0       0
  1407 ;;      Temps:          2       0       0       0       0       0       0       0       0       0       0       0       
      +0       0
  1408 ;;      Totals:         2       0       0       0       0       0       0       0       0       0       0       0       
      +0       0
  1409 ;;Total ram usage:        2 bytes
  1410 ;; Hardware stack levels used:    1
  1411 ;; This function calls:
  1412 ;;		Nothing
  1413 ;; This function is called by:
  1414 ;;		_main
  1415 ;;		_INT_CallBack
  1416 ;; This function uses a non-reentrant model
  1417 ;;
  1418                           
  1419                           
  1420                           ;psect for function _capTouchPowerISR
  1421  0019                     _capTouchPowerISR:	
  1422  0019                     i1l639:	
  1423                           ;incstack = 0
  1424                           ; Regs used in _capTouchPowerISR: [wreg+status,0]
  1425                           
  1426                           
  1427                           ;main.c: 50:     (INTCONbits.GIE = 0);
  1428  0019  138B               	bcf	11,7	;volatile
  1429  001A                     i1l641:	
  1430                           
  1431                           ;main.c: 52:     LATAbits.LATA1 = !(LATAbits.LATA1);
  1432  001A  1003               	clrc
  1433  001B  0022               	movlb	2	; select bank2
  1434  001C  1C8C               	btfss	12,1	;volatile
  1435  001D  1403               	setc
  1436  001E  1803               	btfsc	3,0
  1437  001F  2821               	goto	u1_21
  1438  0020  2824               	goto	u1_20
  1439  0021                     u1_21:	
  1440  0021  0022               	movlb	2	; select bank2
  1441  0022  148C               	bsf	12,1	;volatile
  1442  0023  2826               	goto	u2_24
  1443  0024                     u1_20:	
  1444  0024  0022               	movlb	2	; select bank2
  1445  0025  108C               	bcf	12,1	;volatile
  1446  0026                     u2_24:	
  1447  0026                     i1l643:	
  1448                           
  1449                           ;main.c: 54:     _delay((unsigned long)((250)*(16000000/4000.0)));
  1450  0026  3006               	movlw	6
  1451  0027  00F1               	movwf	??_capTouchPowerISR+1
  1452  0028  3013               	movlw	19
  1453  0029  00F0               	movwf	??_capTouchPowerISR
  1454  002A  30AE               	movlw	174
  1455  002B                     u6_27:	
  1456  002B  0B89               	decfsz	9,f
  1457  002C  282B               	goto	u6_27
  1458  002D  0BF0               	decfsz	??_capTouchPowerISR,f
  1459  002E  282B               	goto	u6_27
  1460  002F  0BF1               	decfsz	??_capTouchPowerISR+1,f
  1461  0030  282B               	goto	u6_27
  1462  0031                     i1l645:	
  1463                           
  1464                           ;main.c: 56:     INTCONbits.INTF = 0;
  1465  0031  108B               	bcf	11,1	;volatile
  1466  0032                     i1l647:	
  1467                           
  1468                           ;main.c: 58:     (INTCONbits.GIE = 1);
  1469  0032  178B               	bsf	11,7	;volatile
  1470  0033                     i1l70:	
  1471  0033  0008               	return
  1472  0034                     __end_of_capTouchPowerISR:	
  1473  007E                     btemp	set	126	;btemp
  1474  007E                     int$flags	set	126
  1475  007E                     wtemp0	set	126


Data Sizes:
    Strings     0
    Constant    0
    Data        0
    BSS         0
    Persistent  34
    Stack       0

Auto Spaces:
    Space          Size  Autos    Used
    COMMON           14      4       6
    BANK0            80      0       0
    BANK1            80      0       0
    BANK2            80      0       0
    BANK3            80      0       0
    BANK4            80      0       0
    BANK5            80      0       0
    BANK6            80      0       0
    BANK7            80      0       0
    BANK8            80      0       0
    BANK9            80      0       0
    BANK10           80      0       0
    BANK11           80      0       0
    BANK12           48      0       0

Pointer List with Targets:

    INT_SetInterruptHandler@InterruptHandler	PTR FTN()void  size(2) Largest target is 1
		 -> INT_DefaultInterruptHandler(), capTouchPowerISR(), 

    INT_InterruptHandler	PTR FTN()void  size(2) Largest target is 1
		 -> INT_DefaultInterruptHandler(), Absolute function(), capTouchPowerISR(), 


Critical Paths under _main in COMMON

    _main->_INT_SetInterruptHandler
    _EXT_INT_Initialize->_INT_SetInterruptHandler

Critical Paths under _INTERRUPT_InterruptManager in COMMON

    _INT_CallBack->_capTouchPowerISR

Critical Paths under _main in BANK0

    None.

Critical Paths under _INTERRUPT_InterruptManager in BANK0

    None.

Critical Paths under _main in BANK1

    None.

Critical Paths under _INTERRUPT_InterruptManager in BANK1

    None.

Critical Paths under _main in BANK2

    None.

Critical Paths under _INTERRUPT_InterruptManager in BANK2

    None.

Critical Paths under _main in BANK3

    None.

Critical Paths under _INTERRUPT_InterruptManager in BANK3

    None.

Critical Paths under _main in BANK4

    None.

Critical Paths under _INTERRUPT_InterruptManager in BANK4

    None.

Critical Paths under _main in BANK5

    None.

Critical Paths under _INTERRUPT_InterruptManager in BANK5

    None.

Critical Paths under _main in BANK6

    None.

Critical Paths under _INTERRUPT_InterruptManager in BANK6

    None.

Critical Paths under _main in BANK7

    None.

Critical Paths under _INTERRUPT_InterruptManager in BANK7

    None.

Critical Paths under _main in BANK8

    None.

Critical Paths under _INTERRUPT_InterruptManager in BANK8

    None.

Critical Paths under _main in BANK9

    None.

Critical Paths under _INTERRUPT_InterruptManager in BANK9

    None.

Critical Paths under _main in BANK10

    None.

Critical Paths under _INTERRUPT_InterruptManager in BANK10

    None.

Critical Paths under _main in BANK11

    None.

Critical Paths under _INTERRUPT_InterruptManager in BANK11

    None.

Critical Paths under _main in BANK12

    None.

Critical Paths under _INTERRUPT_InterruptManager in BANK12

    None.

Call Graph Tables:

 ---------------------------------------------------------------------------------
 (Depth) Function   	        Calls       Base Space   Used Autos Params    Refs
 ---------------------------------------------------------------------------------
 (0) _main                                                 0     0      0     348
            _INT_SetInterruptHandler
                  _SYSTEM_Initialize
 ---------------------------------------------------------------------------------
 (1) _SYSTEM_Initialize                                    0     0      0     174
                 _EXT_INT_Initialize
              _OSCILLATOR_Initialize
             _PIN_MANAGER_Initialize
                     _WDT_Initialize
 ---------------------------------------------------------------------------------
 (2) _WDT_Initialize                                       0     0      0       0
 ---------------------------------------------------------------------------------
 (2) _PIN_MANAGER_Initialize                               0     0      0       0
 ---------------------------------------------------------------------------------
 (2) _OSCILLATOR_Initialize                                0     0      0       0
 ---------------------------------------------------------------------------------
 (2) _EXT_INT_Initialize                                   0     0      0     174
            _INT_SetInterruptHandler
 ---------------------------------------------------------------------------------
 (3) _INT_SetInterruptHandler                              2     0      2     174
                                              2 COMMON     2     0      2
 ---------------------------------------------------------------------------------
 Estimated maximum stack depth 3
 ---------------------------------------------------------------------------------
 (Depth) Function   	        Calls       Base Space   Used Autos Params    Refs
 ---------------------------------------------------------------------------------
 (4) _INTERRUPT_InterruptManager                           0     0      0       0
                            _INT_ISR
 ---------------------------------------------------------------------------------
 (5) _INT_ISR                                              0     0      0       0
                       _INT_CallBack
 ---------------------------------------------------------------------------------
 (6) _INT_CallBack                                         0     0      0       0
                   Absolute function *
        _INT_DefaultInterruptHandler *
                   _capTouchPowerISR *
 ---------------------------------------------------------------------------------
 (7) _capTouchPowerISR                                     2     2      0       0
                                              0 COMMON     2     2      0
 ---------------------------------------------------------------------------------
 (7) _INT_DefaultInterruptHandler                          0     0      0       0
 ---------------------------------------------------------------------------------
 (7) Absolute function(Fake)                               0     0      0       0
 ---------------------------------------------------------------------------------
 Estimated maximum stack depth 7
 ---------------------------------------------------------------------------------

 Call Graph Graphs:

 _main (ROOT)
   _INT_SetInterruptHandler
   _SYSTEM_Initialize
     _EXT_INT_Initialize
       _INT_SetInterruptHandler
     _OSCILLATOR_Initialize
     _PIN_MANAGER_Initialize
     _WDT_Initialize

 _INTERRUPT_InterruptManager (ROOT)
   _INT_ISR
     _INT_CallBack
       Absolute function(Fake) *
       _INT_DefaultInterruptHandler *
       _capTouchPowerISR *

 Address spaces:
Name               Size   Autos  Total    Cost      Usage
BIGRAM             3F0      0       0       0        0.0%
NULL                 0      0       0       0        0.0%
CODE                 0      0       0       0        0.0%
BITCOMMON            E      0       0       1        0.0%
BITSFR0              0      0       0       1        0.0%
SFR0                 0      0       0       1        0.0%
COMMON               E      4       6       2       42.9%
BITSFR1              0      0       0       2        0.0%
SFR1                 0      0       0       2        0.0%
BITSFR2              0      0       0       3        0.0%
SFR2                 0      0       0       3        0.0%
STACK                0      0       0       3        0.0%
BITBANK0            50      0       0       4        0.0%
BITSFR3              0      0       0       4        0.0%
SFR3                 0      0       0       4        0.0%
BANK0               50      0       0       5        0.0%
BITSFR4              0      0       0       5        0.0%
SFR4                 0      0       0       5        0.0%
BITBANK1            50      0       0       6        0.0%
BITSFR5              0      0       0       6        0.0%
SFR5                 0      0       0       6        0.0%
BANK1               50      0       0       7        0.0%
BITSFR6              0      0       0       7        0.0%
SFR6                 0      0       0       7        0.0%
BITBANK2            50      0       0       8        0.0%
BITSFR7              0      0       0       8        0.0%
SFR7                 0      0       0       8        0.0%
BANK2               50      0       0       9        0.0%
BITSFR8              0      0       0       9        0.0%
SFR8                 0      0       0       9        0.0%
BITBANK3            50      0       0      10        0.0%
BITSFR9              0      0       0      10        0.0%
SFR9                 0      0       0      10        0.0%
BANK3               50      0       0      11        0.0%
BITSFR10             0      0       0      11        0.0%
SFR10                0      0       0      11        0.0%
BITBANK4            50      0       0      12        0.0%
BITSFR11             0      0       0      12        0.0%
SFR11                0      0       0      12        0.0%
BANK4               50      0       0      13        0.0%
BITSFR12             0      0       0      13        0.0%
SFR12                0      0       0      13        0.0%
BITBANK5            50      0       0      14        0.0%
BITSFR13             0      0       0      14        0.0%
SFR13                0      0       0      14        0.0%
BANK5               50      0       0      15        0.0%
BITSFR14             0      0       0      15        0.0%
SFR14                0      0       0      15        0.0%
BITBANK6            50      0       0      16        0.0%
BITSFR15             0      0       0      16        0.0%
SFR15                0      0       0      16        0.0%
BANK6               50      0       0      17        0.0%
BITSFR16             0      0       0      17        0.0%
SFR16                0      0       0      17        0.0%
BITBANK7            50      0       0      18        0.0%
BITSFR17             0      0       0      18        0.0%
SFR17                0      0       0      18        0.0%
BANK7               50      0       0      19        0.0%
BITSFR18             0      0       0      19        0.0%
SFR18                0      0       0      19        0.0%
BITSFR19             0      0       0      20        0.0%
SFR19                0      0       0      20        0.0%
ABS                  0      0       6      20        0.0%
BITBANK8            50      0       0      21        0.0%
BITSFR20             0      0       0      21        0.0%
SFR20                0      0       0      21        0.0%
BANK8               50      0       0      22        0.0%
BITSFR21             0      0       0      22        0.0%
SFR21                0      0       0      22        0.0%
BITBANK9            50      0       0      23        0.0%
BITSFR22             0      0       0      23        0.0%
SFR22                0      0       0      23        0.0%
BANK9               50      0       0      24        0.0%
BITSFR23             0      0       0      24        0.0%
SFR23                0      0       0      24        0.0%
BITBANK10           50      0       0      25        0.0%
BITSFR24             0      0       0      25        0.0%
SFR24                0      0       0      25        0.0%
BANK10              50      0       0      26        0.0%
BITSFR25             0      0       0      26        0.0%
SFR25                0      0       0      26        0.0%
BITBANK11           50      0       0      27        0.0%
BITSFR26             0      0       0      27        0.0%
SFR26                0      0       0      27        0.0%
BANK11              50      0       0      28        0.0%
BITSFR27             0      0       0      28        0.0%
SFR27                0      0       0      28        0.0%
BITBANK12           30      0       0      29        0.0%
BITSFR28             0      0       0      29        0.0%
SFR28                0      0       0      29        0.0%
BANK12              30      0       0      30        0.0%
BITSFR29             0      0       0      30        0.0%
SFR29                0      0       0      30        0.0%
BITSFR30             0      0       0      31        0.0%
SFR30                0      0       0      31        0.0%
DATA                 0      0       6      31        0.0%
BITSFR31             0      0       0      32        0.0%
SFR31                0      0       0      32        0.0%


Microchip Technology PIC Macro Assembler V2.10 build 88905656 
Symbol Table                                                                                   Sun Nov 03 18:04:50 2019

                            __CFG_CP$OFF 0000                                       l20 0086  
                                     l23 0094                                       l17 0068  
                                     l52 0049                                       l96 008B  
                            __CFG_LVP$ON 0000                                      l102 0074  
                                    l701 0087                                      l703 0069  
                                    l711 004A                                      l705 006C  
                                    l713 004D                                      l707 0073  
                                    l651 0034                                      l715 004E  
                                    l661 0045                                      l653 0037  
                                    l709 005C                                      l717 0056  
                                    l663 0081                                      l655 0038  
                                    l719 0058                                      l665 0084  
                                    l657 0039                                      l659 003B  
                                    l667 0091                             __CFG_BORV$LO 0000  
                                    wreg 0009                             __CFG_IESO$ON 0000  
                                   _LATA 010C                                     _LATB 010D  
                        __end_of_INT_ISR 0091                                     _LATC 010E  
                                   i1l70 0033                                     i1l93 0080  
                                   i1l89 0090                                     i1l99 0095  
                                   _WPUB 020D                                     _WPUE 0210  
                                   u1_20 0024                                     u1_21 0021  
                                   u2_24 0026                                     u3_20 007B  
                                   u3_21 007A                                     u4_20 000A  
                                   u4_21 0009                                     u5_20 000E  
                                   u5_21 000D                                     u6_27 002B  
                           __CFG_WRT$OFF 0000                            __CFG_FCMEN$ON 0000  
                                   _main 004A                                     btemp 007E  
                          __CFG_BOREN$ON 0000      __end_of_INT_DefaultInterruptHandler 0096  
            _INT_DefaultInterruptHandler 0095                                     start 0013  
        __end_of_INT_SetInterruptHandler 008C                            __CFG_MCLRE$ON 0000  
         __size_of_OSCILLATOR_Initialize 0006            __end_of_OSCILLATOR_Initialize 0087  
                                  ?_main 0070                            __CFG_WDTE$OFF 0000  
                                  i1l113 0011                                    i1l641 001A  
                                  i1l643 0026                                    i1l645 0031  
                                  i1l647 0032                                    i1l639 0019  
                                  i1l681 008C                                    i1l675 0075  
                                  i1l683 008D                                    i1l677 007B  
                                  i1l695 0006                                    i1l697 000A  
                                  i1l699 000E                         _capTouchPowerISR 0019  
                                  _TRISA 008C                                    _TRISB 008D  
                                  _TRISC 008E                           _WDT_Initialize 0091  
                                  pclath 000A                                    status 0003  
                                  wtemp0 007E                          __initialization 0015  
                           __end_of_main 005C                           __CFG_LPBOR$OFF 0000  
            ?_INTERRUPT_InterruptManager 0070                                   ??_main 0074  
                 __end_of_WDT_Initialize 0095                                ??_INT_ISR 0072  
                                 _APFCON 011D                                   _ANSELA 018C  
                                 _ANSELB 018D                                   _ANSELC 018E  
                                 _BORCON 0116                                   _OSCCON 0099  
                                 _WDTCON 0097                           __CFG_PWRTE$OFF 0000  
                         __CFG_STVREN$ON 0000                            ?_INT_CallBack 0070  
                        ?_WDT_Initialize 0070         __size_of_INT_SetInterruptHandler 0005  
INT_SetInterruptHandler@InterruptHandler 0072                        _SYSTEM_Initialize 005C  
                __end_of__initialization 0015                       ?_SYSTEM_Initialize 0070  
                         __pcstackCOMMON 0070                      ??_SYSTEM_Initialize 0074  
                         ??_INT_CallBack 0072              __size_of_EXT_INT_Initialize 000C  
                         _OPTION_REGbits 0095                __end_of_SYSTEM_Initialize 0069  
                        __CFG_VCAPEN$OFF 0000                               __pnvCOMMON 0074  
               __end_of_capTouchPowerISR 0034                               __pmaintext 004A  
                             __pintentry 0004                                  _INT_ISR 008C  
                                __ptext1 005C                                  __ptext2 0091  
                                __ptext3 0034                                  __ptext4 0081  
                                __ptext5 0069                                  __ptext6 0087  
                                __ptext8 008C                                  __ptext9 0075  
                  _OSCILLATOR_Initialize 0081                 ??_PIN_MANAGER_Initialize 0072  
                _INT_SetInterruptHandler 0087               __size_of_SYSTEM_Initialize 000D  
                   end_of_initialization 0015                     __end_of_INT_CallBack 0081  
                       ??_WDT_Initialize 0072                         __CFG_FOSC$INTOSC 0000  
                 ?_OSCILLATOR_Initialize 0070                ??_INT_SetInterruptHandler 0074  
                    start_initialization 0015          __size_of_PIN_MANAGER_Initialize 0016  
           ?_INT_DefaultInterruptHandler 0070                        ?_capTouchPowerISR 0070  
                     ??_capTouchPowerISR 0070               __end_of_EXT_INT_Initialize 0075  
                              ___latbits 0003                                 ?_INT_ISR 0070  
                  __size_of_INT_CallBack 000C                   _PIN_MANAGER_Initialize 0034  
          ??_INT_DefaultInterruptHandler 0070             ??_INTERRUPT_InterruptManager 0072  
                           _INT_CallBack 0075                                 _LATAbits 010C  
    __size_of_INTERRUPT_InterruptManager 000F     __size_of_INT_DefaultInterruptHandler 0001  
                       __size_of_INT_ISR 0005                  ??_OSCILLATOR_Initialize 0072  
                               __ptext10 0095                                 __ptext11 0019  
                          __size_of_main 0012                                 int$flags 007E  
     __end_of_INTERRUPT_InterruptManager 0013               _INTERRUPT_InterruptManager 0004  
              __size_of_capTouchPowerISR 001B                               _INTCONbits 000B  
                   _INT_InterruptHandler 0074                       _EXT_INT_Initialize 0069  
                __size_of_WDT_Initialize 0004                                 intlevel1 0000  
                ?_PIN_MANAGER_Initialize 0070                        __CFG_CLKOUTEN$OFF 0000  
                    ?_EXT_INT_Initialize 0070                 ?_INT_SetInterruptHandler 0072  
                   ??_EXT_INT_Initialize 0074           __end_of_PIN_MANAGER_Initialize 004A  
